This file contains any messages produced by compilers while
running configure, to aid debugging if configure makes a mistake.

It was created by Chromium B.S.U. configure 0.9.16.1, which was
generated by GNU Autoconf 2.69.  Invocation command line was

  $ ./configure 

## --------- ##
## Platform. ##
## --------- ##

hostname = cbr-B300G5
uname -m = x86_64
uname -r = 4.4.31
uname -s = Linux
uname -v = #5 SMP Thu Nov 17 14:35:15 CET 2016

/usr/bin/uname -p = unknown
/bin/uname -X     = unknown

/bin/arch              = unknown
/usr/bin/arch -k       = unknown
/usr/convex/getsysinfo = unknown
/usr/bin/hostinfo      = unknown
/bin/machine           = unknown
/usr/bin/oslevel       = unknown
/bin/universe          = unknown

PATH: /usr/lib/java/jre1.8.0_66/bin/
PATH: /usr/local/sbin
PATH: /usr/local/bin
PATH: /usr/sbin
PATH: /usr/bin
PATH: /sbin
PATH: /bin
PATH: /usr/games
PATH: /usr/local/games
PATH: /home/rafal/Pulpit/eclipseSTM32/ARMToolchains/gcc-arm-none-eabi-4_9-2014q4/bin/


## ----------- ##
## Core tests. ##
## ----------- ##

configure:2502: checking for a BSD-compatible install
configure:2570: result: /usr/bin/install -c
configure:2581: checking whether build environment is sane
configure:2636: result: yes
configure:2787: checking for a thread-safe mkdir -p
configure:2826: result: /bin/mkdir -p
configure:2833: checking for gawk
configure:2849: found /usr/bin/gawk
configure:2860: result: gawk
configure:2871: checking whether make sets $(MAKE)
configure:2893: result: yes
configure:2922: checking whether make supports nested variables
configure:2939: result: yes
configure:3129: checking for g++
configure:3145: found /usr/bin/g++
configure:3156: result: g++
configure:3183: checking for C++ compiler version
configure:3192: g++ --version >&5
g++ (Ubuntu 5.4.0-6ubuntu1~16.04.4) 5.4.0 20160609
Copyright (C) 2015 Free Software Foundation, Inc.
This is free software; see the source for copying conditions.  There is NO
warranty; not even for MERCHANTABILITY or FITNESS FOR A PARTICULAR PURPOSE.

configure:3203: $? = 0
configure:3192: g++ -v >&5
Using built-in specs.
COLLECT_GCC=g++
COLLECT_LTO_WRAPPER=/usr/lib/gcc/x86_64-linux-gnu/5/lto-wrapper
Target: x86_64-linux-gnu
Configured with: ../src/configure -v --with-pkgversion='Ubuntu 5.4.0-6ubuntu1~16.04.4' --with-bugurl=file:///usr/share/doc/gcc-5/README.Bugs --enable-languages=c,ada,c++,java,go,d,fortran,objc,obj-c++ --prefix=/usr --program-suffix=-5 --enable-shared --enable-linker-build-id --libexecdir=/usr/lib --without-included-gettext --enable-threads=posix --libdir=/usr/lib --enable-nls --with-sysroot=/ --enable-clocale=gnu --enable-libstdcxx-debug --enable-libstdcxx-time=yes --with-default-libstdcxx-abi=new --enable-gnu-unique-object --disable-vtable-verify --enable-libmpx --enable-plugin --with-system-zlib --disable-browser-plugin --enable-java-awt=gtk --enable-gtk-cairo --with-java-home=/usr/lib/jvm/java-1.5.0-gcj-5-amd64/jre --enable-java-home --with-jvm-root-dir=/usr/lib/jvm/java-1.5.0-gcj-5-amd64 --with-jvm-jar-dir=/usr/lib/jvm-exports/java-1.5.0-gcj-5-amd64 --with-arch-directory=amd64 --with-ecj-jar=/usr/share/java/eclipse-ecj.jar --enable-objc-gc --enable-multiarch --disable-werror --with-arch-32=i686 --with-abi=m64 --with-multilib-list=m32,m64,mx32 --enable-multilib --with-tune=generic --enable-checking=release --build=x86_64-linux-gnu --host=x86_64-linux-gnu --target=x86_64-linux-gnu
Thread model: posix
gcc version 5.4.0 20160609 (Ubuntu 5.4.0-6ubuntu1~16.04.4) 
configure:3203: $? = 0
configure:3192: g++ -V >&5
g++: error: unrecognized command line option '-V'
g++: fatal error: no input files
compilation terminated.
configure:3203: $? = 1
configure:3192: g++ -qversion >&5
g++: error: unrecognized command line option '-qversion'
g++: fatal error: no input files
compilation terminated.
configure:3203: $? = 1
configure:3223: checking whether the C++ compiler works
configure:3245: g++    conftest.cpp  >&5
configure:3249: $? = 0
configure:3297: result: yes
configure:3300: checking for C++ compiler default output file name
configure:3302: result: a.out
configure:3308: checking for suffix of executables
configure:3315: g++ -o conftest    conftest.cpp  >&5
configure:3319: $? = 0
configure:3341: result: 
configure:3363: checking whether we are cross compiling
configure:3371: g++ -o conftest    conftest.cpp  >&5
configure:3375: $? = 0
configure:3382: ./conftest
configure:3386: $? = 0
configure:3401: result: no
configure:3406: checking for suffix of object files
configure:3428: g++ -c   conftest.cpp >&5
configure:3432: $? = 0
configure:3453: result: o
configure:3457: checking whether we are using the GNU C++ compiler
configure:3476: g++ -c   conftest.cpp >&5
configure:3476: $? = 0
configure:3485: result: yes
configure:3494: checking whether g++ accepts -g
configure:3514: g++ -c -g  conftest.cpp >&5
configure:3514: $? = 0
configure:3555: result: yes
configure:3589: checking for style of include used by make
configure:3617: result: GNU
configure:3643: checking dependency style of g++
configure:3754: result: gcc3
configure:3823: checking for pkg-config
configure:3841: found /usr/bin/pkg-config
configure:3853: result: /usr/bin/pkg-config
configure:3878: checking pkg-config is at least version 0.9.0
configure:3881: result: yes
configure:3939: checking for gcc
configure:3955: found /usr/bin/gcc
configure:3966: result: gcc
configure:4195: checking for C compiler version
configure:4204: gcc --version >&5
gcc (Ubuntu 5.4.0-6ubuntu1~16.04.4) 5.4.0 20160609
Copyright (C) 2015 Free Software Foundation, Inc.
This is free software; see the source for copying conditions.  There is NO
warranty; not even for MERCHANTABILITY or FITNESS FOR A PARTICULAR PURPOSE.

configure:4215: $? = 0
configure:4204: gcc -v >&5
Using built-in specs.
COLLECT_GCC=gcc
COLLECT_LTO_WRAPPER=/usr/lib/gcc/x86_64-linux-gnu/5/lto-wrapper
Target: x86_64-linux-gnu
Configured with: ../src/configure -v --with-pkgversion='Ubuntu 5.4.0-6ubuntu1~16.04.4' --with-bugurl=file:///usr/share/doc/gcc-5/README.Bugs --enable-languages=c,ada,c++,java,go,d,fortran,objc,obj-c++ --prefix=/usr --program-suffix=-5 --enable-shared --enable-linker-build-id --libexecdir=/usr/lib --without-included-gettext --enable-threads=posix --libdir=/usr/lib --enable-nls --with-sysroot=/ --enable-clocale=gnu --enable-libstdcxx-debug --enable-libstdcxx-time=yes --with-default-libstdcxx-abi=new --enable-gnu-unique-object --disable-vtable-verify --enable-libmpx --enable-plugin --with-system-zlib --disable-browser-plugin --enable-java-awt=gtk --enable-gtk-cairo --with-java-home=/usr/lib/jvm/java-1.5.0-gcj-5-amd64/jre --enable-java-home --with-jvm-root-dir=/usr/lib/jvm/java-1.5.0-gcj-5-amd64 --with-jvm-jar-dir=/usr/lib/jvm-exports/java-1.5.0-gcj-5-amd64 --with-arch-directory=amd64 --with-ecj-jar=/usr/share/java/eclipse-ecj.jar --enable-objc-gc --enable-multiarch --disable-werror --with-arch-32=i686 --with-abi=m64 --with-multilib-list=m32,m64,mx32 --enable-multilib --with-tune=generic --enable-checking=release --build=x86_64-linux-gnu --host=x86_64-linux-gnu --target=x86_64-linux-gnu
Thread model: posix
gcc version 5.4.0 20160609 (Ubuntu 5.4.0-6ubuntu1~16.04.4) 
configure:4215: $? = 0
configure:4204: gcc -V >&5
gcc: error: unrecognized command line option '-V'
gcc: fatal error: no input files
compilation terminated.
configure:4215: $? = 1
configure:4204: gcc -qversion >&5
gcc: error: unrecognized command line option '-qversion'
gcc: fatal error: no input files
compilation terminated.
configure:4215: $? = 1
configure:4219: checking whether we are using the GNU C compiler
configure:4238: gcc -c   conftest.c >&5
configure:4238: $? = 0
configure:4247: result: yes
configure:4256: checking whether gcc accepts -g
configure:4276: gcc -c -g  conftest.c >&5
configure:4276: $? = 0
configure:4317: result: yes
configure:4334: checking for gcc option to accept ISO C89
configure:4397: gcc  -c -g -O2  conftest.c >&5
configure:4397: $? = 0
configure:4410: result: none needed
configure:4435: checking whether gcc understands -c and -o together
configure:4457: gcc -c conftest.c -o conftest2.o
configure:4460: $? = 0
configure:4457: gcc -c conftest.c -o conftest2.o
configure:4460: $? = 0
configure:4472: result: yes
configure:4491: checking dependency style of gcc
configure:4602: result: gcc3
configure:4623: checking how to run the C preprocessor
configure:4654: gcc -E  conftest.c
configure:4654: $? = 0
configure:4668: gcc -E  conftest.c
conftest.c:11:28: fatal error: ac_nonexistent.h: No such file or directory
compilation terminated.
configure:4668: $? = 1
configure: failed program was:
| /* confdefs.h */
| #define PACKAGE_NAME "Chromium B.S.U."
| #define PACKAGE_TARNAME "chromium-bsu"
| #define PACKAGE_VERSION "0.9.16.1"
| #define PACKAGE_STRING "Chromium B.S.U. 0.9.16.1"
| #define PACKAGE_BUGREPORT "https://sf.net/p/chromium-bsu/bugs"
| #define PACKAGE_URL ""
| #define PACKAGE "chromium-bsu"
| #define VERSION "0.9.16.1"
| /* end confdefs.h.  */
| #include <ac_nonexistent.h>
configure:4693: result: gcc -E
configure:4713: gcc -E  conftest.c
configure:4713: $? = 0
configure:4727: gcc -E  conftest.c
conftest.c:11:28: fatal error: ac_nonexistent.h: No such file or directory
compilation terminated.
configure:4727: $? = 1
configure: failed program was:
| /* confdefs.h */
| #define PACKAGE_NAME "Chromium B.S.U."
| #define PACKAGE_TARNAME "chromium-bsu"
| #define PACKAGE_VERSION "0.9.16.1"
| #define PACKAGE_STRING "Chromium B.S.U. 0.9.16.1"
| #define PACKAGE_BUGREPORT "https://sf.net/p/chromium-bsu/bugs"
| #define PACKAGE_URL ""
| #define PACKAGE "chromium-bsu"
| #define VERSION "0.9.16.1"
| /* end confdefs.h.  */
| #include <ac_nonexistent.h>
configure:4756: checking for grep that handles long lines and -e
configure:4814: result: /bin/grep
configure:4819: checking for egrep
configure:4881: result: /bin/grep -E
configure:4886: checking for ANSI C header files
configure:4906: gcc -c -g -O2  conftest.c >&5
configure:4906: $? = 0
configure:4979: gcc -o conftest -g -O2   conftest.c  >&5
configure:4979: $? = 0
configure:4979: ./conftest
configure:4979: $? = 0
configure:4990: result: yes
configure:5003: checking for sys/types.h
configure:5003: gcc -c -g -O2  conftest.c >&5
configure:5003: $? = 0
configure:5003: result: yes
configure:5003: checking for sys/stat.h
configure:5003: gcc -c -g -O2  conftest.c >&5
configure:5003: $? = 0
configure:5003: result: yes
configure:5003: checking for stdlib.h
configure:5003: gcc -c -g -O2  conftest.c >&5
configure:5003: $? = 0
configure:5003: result: yes
configure:5003: checking for string.h
configure:5003: gcc -c -g -O2  conftest.c >&5
configure:5003: $? = 0
configure:5003: result: yes
configure:5003: checking for memory.h
configure:5003: gcc -c -g -O2  conftest.c >&5
configure:5003: $? = 0
configure:5003: result: yes
configure:5003: checking for strings.h
configure:5003: gcc -c -g -O2  conftest.c >&5
configure:5003: $? = 0
configure:5003: result: yes
configure:5003: checking for inttypes.h
configure:5003: gcc -c -g -O2  conftest.c >&5
configure:5003: $? = 0
configure:5003: result: yes
configure:5003: checking for stdint.h
configure:5003: gcc -c -g -O2  conftest.c >&5
configure:5003: $? = 0
configure:5003: result: yes
configure:5003: checking for unistd.h
configure:5003: gcc -c -g -O2  conftest.c >&5
configure:5003: $? = 0
configure:5003: result: yes
configure:5018: checking fcntl.h usability
configure:5018: gcc -c -g -O2  conftest.c >&5
configure:5018: $? = 0
configure:5018: result: yes
configure:5018: checking fcntl.h presence
configure:5018: gcc -E  conftest.c
configure:5018: $? = 0
configure:5018: result: yes
configure:5018: checking for fcntl.h
configure:5018: result: yes
configure:5018: checking for stdlib.h
configure:5018: result: yes
configure:5018: checking for string.h
configure:5018: result: yes
configure:5018: checking for unistd.h
configure:5018: result: yes
configure:5018: checking locale.h usability
configure:5018: gcc -c -g -O2  conftest.c >&5
configure:5018: $? = 0
configure:5018: result: yes
configure:5018: checking locale.h presence
configure:5018: gcc -E  conftest.c
configure:5018: $? = 0
configure:5018: result: yes
configure:5018: checking for locale.h
configure:5018: result: yes
configure:5018: checking libintl.h usability
configure:5018: gcc -c -g -O2  conftest.c >&5
configure:5018: $? = 0
configure:5018: result: yes
configure:5018: checking libintl.h presence
configure:5018: gcc -E  conftest.c
configure:5018: $? = 0
configure:5018: result: yes
configure:5018: checking for libintl.h
configure:5018: result: yes
configure:5030: checking for stdbool.h that conforms to C99
configure:5097: gcc -c -g -O2  conftest.c >&5
configure:5097: $? = 0
configure:5104: result: yes
configure:5106: checking for _Bool
configure:5106: gcc -c -g -O2  conftest.c >&5
configure:5106: $? = 0
configure:5106: gcc -c -g -O2  conftest.c >&5
conftest.c: In function 'main':
conftest.c:63:20: error: expected expression before ')' token
 if (sizeof ((_Bool)))
                    ^
configure:5106: $? = 1
configure: failed program was:
| /* confdefs.h */
| #define PACKAGE_NAME "Chromium B.S.U."
| #define PACKAGE_TARNAME "chromium-bsu"
| #define PACKAGE_VERSION "0.9.16.1"
| #define PACKAGE_STRING "Chromium B.S.U. 0.9.16.1"
| #define PACKAGE_BUGREPORT "https://sf.net/p/chromium-bsu/bugs"
| #define PACKAGE_URL ""
| #define PACKAGE "chromium-bsu"
| #define VERSION "0.9.16.1"
| #define STDC_HEADERS 1
| #define HAVE_SYS_TYPES_H 1
| #define HAVE_SYS_STAT_H 1
| #define HAVE_STDLIB_H 1
| #define HAVE_STRING_H 1
| #define HAVE_MEMORY_H 1
| #define HAVE_STRINGS_H 1
| #define HAVE_INTTYPES_H 1
| #define HAVE_STDINT_H 1
| #define HAVE_UNISTD_H 1
| #define HAVE_FCNTL_H 1
| #define HAVE_STDLIB_H 1
| #define HAVE_STRING_H 1
| #define HAVE_UNISTD_H 1
| #define HAVE_LOCALE_H 1
| #define HAVE_LIBINTL_H 1
| /* end confdefs.h.  */
| #include <stdio.h>
| #ifdef HAVE_SYS_TYPES_H
| # include <sys/types.h>
| #endif
| #ifdef HAVE_SYS_STAT_H
| # include <sys/stat.h>
| #endif
| #ifdef STDC_HEADERS
| # include <stdlib.h>
| # include <stddef.h>
| #else
| # ifdef HAVE_STDLIB_H
| #  include <stdlib.h>
| # endif
| #endif
| #ifdef HAVE_STRING_H
| # if !defined STDC_HEADERS && defined HAVE_MEMORY_H
| #  include <memory.h>
| # endif
| # include <string.h>
| #endif
| #ifdef HAVE_STRINGS_H
| # include <strings.h>
| #endif
| #ifdef HAVE_INTTYPES_H
| # include <inttypes.h>
| #endif
| #ifdef HAVE_STDINT_H
| # include <stdint.h>
| #endif
| #ifdef HAVE_UNISTD_H
| # include <unistd.h>
| #endif
| int
| main ()
| {
| if (sizeof ((_Bool)))
| 	    return 0;
|   ;
|   return 0;
| }
configure:5106: result: yes
configure:5123: checking for an ANSI C-conforming const
configure:5189: gcc -c -g -O2  conftest.c >&5
configure:5189: $? = 0
configure:5196: result: yes
configure:5204: checking for inline
configure:5220: gcc -c -g -O2  conftest.c >&5
configure:5220: $? = 0
configure:5228: result: inline
configure:5246: checking whether struct tm is in sys/time.h or time.h
configure:5266: gcc -c -g -O2  conftest.c >&5
configure:5266: $? = 0
configure:5273: result: time.h
configure:5281: checking for size_t
configure:5281: gcc -c -g -O2  conftest.c >&5
configure:5281: $? = 0
configure:5281: gcc -c -g -O2  conftest.c >&5
conftest.c: In function 'main':
conftest.c:65:21: error: expected expression before ')' token
 if (sizeof ((size_t)))
                     ^
configure:5281: $? = 1
configure: failed program was:
| /* confdefs.h */
| #define PACKAGE_NAME "Chromium B.S.U."
| #define PACKAGE_TARNAME "chromium-bsu"
| #define PACKAGE_VERSION "0.9.16.1"
| #define PACKAGE_STRING "Chromium B.S.U. 0.9.16.1"
| #define PACKAGE_BUGREPORT "https://sf.net/p/chromium-bsu/bugs"
| #define PACKAGE_URL ""
| #define PACKAGE "chromium-bsu"
| #define VERSION "0.9.16.1"
| #define STDC_HEADERS 1
| #define HAVE_SYS_TYPES_H 1
| #define HAVE_SYS_STAT_H 1
| #define HAVE_STDLIB_H 1
| #define HAVE_STRING_H 1
| #define HAVE_MEMORY_H 1
| #define HAVE_STRINGS_H 1
| #define HAVE_INTTYPES_H 1
| #define HAVE_STDINT_H 1
| #define HAVE_UNISTD_H 1
| #define HAVE_FCNTL_H 1
| #define HAVE_STDLIB_H 1
| #define HAVE_STRING_H 1
| #define HAVE_UNISTD_H 1
| #define HAVE_LOCALE_H 1
| #define HAVE_LIBINTL_H 1
| #define HAVE__BOOL 1
| #define HAVE_STDBOOL_H 1
| /* end confdefs.h.  */
| #include <stdio.h>
| #ifdef HAVE_SYS_TYPES_H
| # include <sys/types.h>
| #endif
| #ifdef HAVE_SYS_STAT_H
| # include <sys/stat.h>
| #endif
| #ifdef STDC_HEADERS
| # include <stdlib.h>
| # include <stddef.h>
| #else
| # ifdef HAVE_STDLIB_H
| #  include <stdlib.h>
| # endif
| #endif
| #ifdef HAVE_STRING_H
| # if !defined STDC_HEADERS && defined HAVE_MEMORY_H
| #  include <memory.h>
| # endif
| # include <string.h>
| #endif
| #ifdef HAVE_STRINGS_H
| # include <strings.h>
| #endif
| #ifdef HAVE_INTTYPES_H
| # include <inttypes.h>
| #endif
| #ifdef HAVE_STDINT_H
| # include <stdint.h>
| #endif
| #ifdef HAVE_UNISTD_H
| # include <unistd.h>
| #endif
| int
| main ()
| {
| if (sizeof ((size_t)))
| 	    return 0;
|   ;
|   return 0;
| }
configure:5281: result: yes
configure:5296: checking for stdlib.h
configure:5296: result: yes
configure:5306: checking for GNU libc compatible malloc
configure:5330: gcc -o conftest -g -O2   conftest.c  >&5
configure:5330: $? = 0
configure:5330: ./conftest
configure:5330: $? = 0
configure:5340: result: yes
configure:5361: checking whether lstat correctly handles trailing slash
configure:5387: gcc -o conftest -g -O2   conftest.c  >&5
configure:5387: $? = 0
configure:5387: ./conftest
configure:5387: $? = 0
configure:5404: result: yes
configure:5423: checking whether stat accepts an empty string
configure:5443: gcc -o conftest -g -O2   conftest.c  >&5
configure:5443: $? = 0
configure:5443: ./conftest
configure:5443: $? = 0
configure:5453: result: no
configure:5471: checking for vprintf
configure:5471: gcc -o conftest -g -O2   conftest.c  >&5
conftest.c:55:6: warning: conflicting types for built-in function 'vprintf'
 char vprintf ();
      ^
configure:5471: $? = 0
configure:5471: result: yes
configure:5477: checking for _doprnt
configure:5477: gcc -o conftest -g -O2   conftest.c  >&5
/tmp/cc7aO9qv.o: In function `main':
/home/rafal/Pulpit/WorkingRepos/GIT_HUB/QtChromiumBSU/chromium-bsu-0.9.16.1/conftest.c:67: undefined reference to `_doprnt'
collect2: error: ld returned 1 exit status
configure:5477: $? = 1
configure: failed program was:
| /* confdefs.h */
| #define PACKAGE_NAME "Chromium B.S.U."
| #define PACKAGE_TARNAME "chromium-bsu"
| #define PACKAGE_VERSION "0.9.16.1"
| #define PACKAGE_STRING "Chromium B.S.U. 0.9.16.1"
| #define PACKAGE_BUGREPORT "https://sf.net/p/chromium-bsu/bugs"
| #define PACKAGE_URL ""
| #define PACKAGE "chromium-bsu"
| #define VERSION "0.9.16.1"
| #define STDC_HEADERS 1
| #define HAVE_SYS_TYPES_H 1
| #define HAVE_SYS_STAT_H 1
| #define HAVE_STDLIB_H 1
| #define HAVE_STRING_H 1
| #define HAVE_MEMORY_H 1
| #define HAVE_STRINGS_H 1
| #define HAVE_INTTYPES_H 1
| #define HAVE_STDINT_H 1
| #define HAVE_UNISTD_H 1
| #define HAVE_FCNTL_H 1
| #define HAVE_STDLIB_H 1
| #define HAVE_STRING_H 1
| #define HAVE_UNISTD_H 1
| #define HAVE_LOCALE_H 1
| #define HAVE_LIBINTL_H 1
| #define HAVE__BOOL 1
| #define HAVE_STDBOOL_H 1
| #define HAVE_STDLIB_H 1
| #define HAVE_MALLOC 1
| #define LSTAT_FOLLOWS_SLASHED_SYMLINK 1
| #define HAVE_VPRINTF 1
| /* end confdefs.h.  */
| /* Define _doprnt to an innocuous variant, in case <limits.h> declares _doprnt.
|    For example, HP-UX 11i <limits.h> declares gettimeofday.  */
| #define _doprnt innocuous__doprnt
| 
| /* System header to define __stub macros and hopefully few prototypes,
|     which can conflict with char _doprnt (); below.
|     Prefer <limits.h> to <assert.h> if __STDC__ is defined, since
|     <limits.h> exists even on freestanding compilers.  */
| 
| #ifdef __STDC__
| # include <limits.h>
| #else
| # include <assert.h>
| #endif
| 
| #undef _doprnt
| 
| /* Override any GCC internal prototype to avoid an error.
|    Use char because int might match the return type of a GCC
|    builtin and then its argument prototype would still apply.  */
| #ifdef __cplusplus
| extern "C"
| #endif
| char _doprnt ();
| /* The GNU C library defines this for functions which it implements
|     to always fail with ENOSYS.  Some functions are actually named
|     something starting with __ and the normal name is an alias.  */
| #if defined __stub__doprnt || defined __stub____doprnt
| choke me
| #endif
| 
| int
| main ()
| {
| return _doprnt ();
|   ;
|   return 0;
| }
configure:5477: result: no
configure:5488: checking whether time.h and sys/time.h may both be included
configure:5508: gcc -c -g -O2  conftest.c >&5
configure:5508: $? = 0
configure:5515: result: yes
configure:5529: checking for sys/time.h
configure:5529: gcc -c -g -O2  conftest.c >&5
configure:5529: $? = 0
configure:5529: result: yes
configure:5529: checking for unistd.h
configure:5529: result: yes
configure:5550: checking for alarm
configure:5550: gcc -o conftest -g -O2   conftest.c  >&5
configure:5550: $? = 0
configure:5550: result: yes
configure:5563: checking for working mktime
configure:5765: gcc -o conftest -g -O2   conftest.c  >&5
configure:5765: $? = 0
configure:5765: ./conftest
configure:5765: $? = 0
configure:5775: result: yes
configure:5789: checking for atexit
configure:5789: gcc -o conftest -g -O2   conftest.c  >&5
configure:5789: $? = 0
configure:5789: result: yes
configure:5789: checking for floor
configure:5789: gcc -o conftest -g -O2   conftest.c  >&5
conftest.c:61:6: warning: conflicting types for built-in function 'floor'
 char floor ();
      ^
/tmp/ccaajIyT.o: In function `main':
/home/rafal/Pulpit/WorkingRepos/GIT_HUB/QtChromiumBSU/chromium-bsu-0.9.16.1/conftest.c:72: undefined reference to `floor'
collect2: error: ld returned 1 exit status
configure:5789: $? = 1
configure: failed program was:
| /* confdefs.h */
| #define PACKAGE_NAME "Chromium B.S.U."
| #define PACKAGE_TARNAME "chromium-bsu"
| #define PACKAGE_VERSION "0.9.16.1"
| #define PACKAGE_STRING "Chromium B.S.U. 0.9.16.1"
| #define PACKAGE_BUGREPORT "https://sf.net/p/chromium-bsu/bugs"
| #define PACKAGE_URL ""
| #define PACKAGE "chromium-bsu"
| #define VERSION "0.9.16.1"
| #define STDC_HEADERS 1
| #define HAVE_SYS_TYPES_H 1
| #define HAVE_SYS_STAT_H 1
| #define HAVE_STDLIB_H 1
| #define HAVE_STRING_H 1
| #define HAVE_MEMORY_H 1
| #define HAVE_STRINGS_H 1
| #define HAVE_INTTYPES_H 1
| #define HAVE_STDINT_H 1
| #define HAVE_UNISTD_H 1
| #define HAVE_FCNTL_H 1
| #define HAVE_STDLIB_H 1
| #define HAVE_STRING_H 1
| #define HAVE_UNISTD_H 1
| #define HAVE_LOCALE_H 1
| #define HAVE_LIBINTL_H 1
| #define HAVE__BOOL 1
| #define HAVE_STDBOOL_H 1
| #define HAVE_STDLIB_H 1
| #define HAVE_MALLOC 1
| #define LSTAT_FOLLOWS_SLASHED_SYMLINK 1
| #define HAVE_VPRINTF 1
| #define TIME_WITH_SYS_TIME 1
| #define HAVE_SYS_TIME_H 1
| #define HAVE_UNISTD_H 1
| #define HAVE_ALARM 1
| #define HAVE_ATEXIT 1
| /* end confdefs.h.  */
| /* Define floor to an innocuous variant, in case <limits.h> declares floor.
|    For example, HP-UX 11i <limits.h> declares gettimeofday.  */
| #define floor innocuous_floor
| 
| /* System header to define __stub macros and hopefully few prototypes,
|     which can conflict with char floor (); below.
|     Prefer <limits.h> to <assert.h> if __STDC__ is defined, since
|     <limits.h> exists even on freestanding compilers.  */
| 
| #ifdef __STDC__
| # include <limits.h>
| #else
| # include <assert.h>
| #endif
| 
| #undef floor
| 
| /* Override any GCC internal prototype to avoid an error.
|    Use char because int might match the return type of a GCC
|    builtin and then its argument prototype would still apply.  */
| #ifdef __cplusplus
| extern "C"
| #endif
| char floor ();
| /* The GNU C library defines this for functions which it implements
|     to always fail with ENOSYS.  Some functions are actually named
|     something starting with __ and the normal name is an alias.  */
| #if defined __stub_floor || defined __stub___floor
| choke me
| #endif
| 
| int
| main ()
| {
| return floor ();
|   ;
|   return 0;
| }
configure:5789: result: no
configure:5789: checking for setenv
configure:5789: gcc -o conftest -g -O2   conftest.c  >&5
configure:5789: $? = 0
configure:5789: result: yes
configure:5789: checking for sqrt
configure:5789: gcc -o conftest -g -O2   conftest.c  >&5
conftest.c:62:6: warning: conflicting types for built-in function 'sqrt'
 char sqrt ();
      ^
/tmp/cc2xixwY.o: In function `main':
/home/rafal/Pulpit/WorkingRepos/GIT_HUB/QtChromiumBSU/chromium-bsu-0.9.16.1/conftest.c:73: undefined reference to `sqrt'
collect2: error: ld returned 1 exit status
configure:5789: $? = 1
configure: failed program was:
| /* confdefs.h */
| #define PACKAGE_NAME "Chromium B.S.U."
| #define PACKAGE_TARNAME "chromium-bsu"
| #define PACKAGE_VERSION "0.9.16.1"
| #define PACKAGE_STRING "Chromium B.S.U. 0.9.16.1"
| #define PACKAGE_BUGREPORT "https://sf.net/p/chromium-bsu/bugs"
| #define PACKAGE_URL ""
| #define PACKAGE "chromium-bsu"
| #define VERSION "0.9.16.1"
| #define STDC_HEADERS 1
| #define HAVE_SYS_TYPES_H 1
| #define HAVE_SYS_STAT_H 1
| #define HAVE_STDLIB_H 1
| #define HAVE_STRING_H 1
| #define HAVE_MEMORY_H 1
| #define HAVE_STRINGS_H 1
| #define HAVE_INTTYPES_H 1
| #define HAVE_STDINT_H 1
| #define HAVE_UNISTD_H 1
| #define HAVE_FCNTL_H 1
| #define HAVE_STDLIB_H 1
| #define HAVE_STRING_H 1
| #define HAVE_UNISTD_H 1
| #define HAVE_LOCALE_H 1
| #define HAVE_LIBINTL_H 1
| #define HAVE__BOOL 1
| #define HAVE_STDBOOL_H 1
| #define HAVE_STDLIB_H 1
| #define HAVE_MALLOC 1
| #define LSTAT_FOLLOWS_SLASHED_SYMLINK 1
| #define HAVE_VPRINTF 1
| #define TIME_WITH_SYS_TIME 1
| #define HAVE_SYS_TIME_H 1
| #define HAVE_UNISTD_H 1
| #define HAVE_ALARM 1
| #define HAVE_ATEXIT 1
| #define HAVE_SETENV 1
| /* end confdefs.h.  */
| /* Define sqrt to an innocuous variant, in case <limits.h> declares sqrt.
|    For example, HP-UX 11i <limits.h> declares gettimeofday.  */
| #define sqrt innocuous_sqrt
| 
| /* System header to define __stub macros and hopefully few prototypes,
|     which can conflict with char sqrt (); below.
|     Prefer <limits.h> to <assert.h> if __STDC__ is defined, since
|     <limits.h> exists even on freestanding compilers.  */
| 
| #ifdef __STDC__
| # include <limits.h>
| #else
| # include <assert.h>
| #endif
| 
| #undef sqrt
| 
| /* Override any GCC internal prototype to avoid an error.
|    Use char because int might match the return type of a GCC
|    builtin and then its argument prototype would still apply.  */
| #ifdef __cplusplus
| extern "C"
| #endif
| char sqrt ();
| /* The GNU C library defines this for functions which it implements
|     to always fail with ENOSYS.  Some functions are actually named
|     something starting with __ and the normal name is an alias.  */
| #if defined __stub_sqrt || defined __stub___sqrt
| choke me
| #endif
| 
| int
| main ()
| {
| return sqrt ();
|   ;
|   return 0;
| }
configure:5789: result: no
configure:5789: checking for strcasecmp
configure:5789: gcc -o conftest -g -O2   conftest.c  >&5
conftest.c:62:6: warning: conflicting types for built-in function 'strcasecmp'
 char strcasecmp ();
      ^
configure:5789: $? = 0
configure:5789: result: yes
configure:5789: checking for strchr
configure:5789: gcc -o conftest -g -O2   conftest.c  >&5
conftest.c:63:6: warning: conflicting types for built-in function 'strchr'
 char strchr ();
      ^
configure:5789: $? = 0
configure:5789: result: yes
configure:5789: checking for strerror
configure:5789: gcc -o conftest -g -O2   conftest.c  >&5
configure:5789: $? = 0
configure:5789: result: yes
configure:5789: checking for strrchr
configure:5789: gcc -o conftest -g -O2   conftest.c  >&5
conftest.c:65:6: warning: conflicting types for built-in function 'strrchr'
 char strrchr ();
      ^
configure:5789: $? = 0
configure:5789: result: yes
configure:5789: checking for memset
configure:5789: gcc -o conftest -g -O2   conftest.c  >&5
conftest.c:66:6: warning: conflicting types for built-in function 'memset'
 char memset ();
      ^
configure:5789: $? = 0
configure:5789: result: yes
configure:5789: checking for setlocale
configure:5789: gcc -o conftest -g -O2   conftest.c  >&5
configure:5789: $? = 0
configure:5789: result: yes
configure:5789: checking for strdup
configure:5789: gcc -o conftest -g -O2   conftest.c  >&5
conftest.c:68:6: warning: conflicting types for built-in function 'strdup'
 char strdup ();
      ^
configure:5789: $? = 0
configure:5789: result: yes
configure:5789: checking for tzset
configure:5789: gcc -o conftest -g -O2   conftest.c  >&5
configure:5789: $? = 0
configure:5789: result: yes
configure:5820: checking whether NLS is requested
configure:5829: result: yes
configure:5870: checking for msgfmt
configure: trying /usr/bin/msgfmt...
0 translated messages.
configure:5902: result: /usr/bin/msgfmt
configure:5911: checking for gmsgfmt
configure:5942: result: /usr/bin/msgfmt
configure:5993: checking for xgettext
configure: trying /usr/bin/xgettext...
/usr/bin/xgettext: warning: file '/dev/null' extension '' is unknown; will try C
configure:6025: result: /usr/bin/xgettext
configure:6071: checking for msgmerge
configure: trying /usr/bin/msgmerge...
configure:6102: result: /usr/bin/msgmerge
configure:6139: checking build system type
configure:6153: result: x86_64-pc-linux-gnu
configure:6173: checking host system type
configure:6186: result: x86_64-pc-linux-gnu
configure:6230: checking for ld used by GCC
configure:6294: result: /usr/bin/ld
configure:6301: checking if the linker (/usr/bin/ld) is GNU ld
configure:6314: result: yes
configure:6321: checking for shared library run path origin
configure:6334: result: done
configure:6906: checking for CFPreferencesCopyAppValue
configure:6924: gcc -o conftest -g -O2   conftest.c  -Wl,-framework -Wl,CoreFoundation >&5
conftest.c:47:42: fatal error: CoreFoundation/CFPreferences.h: No such file or directory
compilation terminated.
configure:6924: $? = 1
configure: failed program was:
| /* confdefs.h */
| #define PACKAGE_NAME "Chromium B.S.U."
| #define PACKAGE_TARNAME "chromium-bsu"
| #define PACKAGE_VERSION "0.9.16.1"
| #define PACKAGE_STRING "Chromium B.S.U. 0.9.16.1"
| #define PACKAGE_BUGREPORT "https://sf.net/p/chromium-bsu/bugs"
| #define PACKAGE_URL ""
| #define PACKAGE "chromium-bsu"
| #define VERSION "0.9.16.1"
| #define STDC_HEADERS 1
| #define HAVE_SYS_TYPES_H 1
| #define HAVE_SYS_STAT_H 1
| #define HAVE_STDLIB_H 1
| #define HAVE_STRING_H 1
| #define HAVE_MEMORY_H 1
| #define HAVE_STRINGS_H 1
| #define HAVE_INTTYPES_H 1
| #define HAVE_STDINT_H 1
| #define HAVE_UNISTD_H 1
| #define HAVE_FCNTL_H 1
| #define HAVE_STDLIB_H 1
| #define HAVE_STRING_H 1
| #define HAVE_UNISTD_H 1
| #define HAVE_LOCALE_H 1
| #define HAVE_LIBINTL_H 1
| #define HAVE__BOOL 1
| #define HAVE_STDBOOL_H 1
| #define HAVE_STDLIB_H 1
| #define HAVE_MALLOC 1
| #define LSTAT_FOLLOWS_SLASHED_SYMLINK 1
| #define HAVE_VPRINTF 1
| #define TIME_WITH_SYS_TIME 1
| #define HAVE_SYS_TIME_H 1
| #define HAVE_UNISTD_H 1
| #define HAVE_ALARM 1
| #define HAVE_ATEXIT 1
| #define HAVE_SETENV 1
| #define HAVE_STRCASECMP 1
| #define HAVE_STRCHR 1
| #define HAVE_STRERROR 1
| #define HAVE_STRRCHR 1
| #define HAVE_MEMSET 1
| #define HAVE_SETLOCALE 1
| #define HAVE_STRDUP 1
| #define HAVE_TZSET 1
| /* end confdefs.h.  */
| #include <CoreFoundation/CFPreferences.h>
| int
| main ()
| {
| CFPreferencesCopyAppValue(NULL, NULL)
|   ;
|   return 0;
| }
configure:6933: result: no
configure:6940: checking for CFLocaleCopyCurrent
configure:6958: gcc -o conftest -g -O2   conftest.c  -Wl,-framework -Wl,CoreFoundation >&5
conftest.c:47:37: fatal error: CoreFoundation/CFLocale.h: No such file or directory
compilation terminated.
configure:6958: $? = 1
configure: failed program was:
| /* confdefs.h */
| #define PACKAGE_NAME "Chromium B.S.U."
| #define PACKAGE_TARNAME "chromium-bsu"
| #define PACKAGE_VERSION "0.9.16.1"
| #define PACKAGE_STRING "Chromium B.S.U. 0.9.16.1"
| #define PACKAGE_BUGREPORT "https://sf.net/p/chromium-bsu/bugs"
| #define PACKAGE_URL ""
| #define PACKAGE "chromium-bsu"
| #define VERSION "0.9.16.1"
| #define STDC_HEADERS 1
| #define HAVE_SYS_TYPES_H 1
| #define HAVE_SYS_STAT_H 1
| #define HAVE_STDLIB_H 1
| #define HAVE_STRING_H 1
| #define HAVE_MEMORY_H 1
| #define HAVE_STRINGS_H 1
| #define HAVE_INTTYPES_H 1
| #define HAVE_STDINT_H 1
| #define HAVE_UNISTD_H 1
| #define HAVE_FCNTL_H 1
| #define HAVE_STDLIB_H 1
| #define HAVE_STRING_H 1
| #define HAVE_UNISTD_H 1
| #define HAVE_LOCALE_H 1
| #define HAVE_LIBINTL_H 1
| #define HAVE__BOOL 1
| #define HAVE_STDBOOL_H 1
| #define HAVE_STDLIB_H 1
| #define HAVE_MALLOC 1
| #define LSTAT_FOLLOWS_SLASHED_SYMLINK 1
| #define HAVE_VPRINTF 1
| #define TIME_WITH_SYS_TIME 1
| #define HAVE_SYS_TIME_H 1
| #define HAVE_UNISTD_H 1
| #define HAVE_ALARM 1
| #define HAVE_ATEXIT 1
| #define HAVE_SETENV 1
| #define HAVE_STRCASECMP 1
| #define HAVE_STRCHR 1
| #define HAVE_STRERROR 1
| #define HAVE_STRRCHR 1
| #define HAVE_MEMSET 1
| #define HAVE_SETLOCALE 1
| #define HAVE_STRDUP 1
| #define HAVE_TZSET 1
| /* end confdefs.h.  */
| #include <CoreFoundation/CFLocale.h>
| int
| main ()
| {
| CFLocaleCopyCurrent();
|   ;
|   return 0;
| }
configure:6967: result: no
configure:7016: checking for GNU gettext in libc
configure:7036: gcc -o conftest -g -O2   conftest.c  >&5
configure:7036: $? = 0
configure:7045: result: yes
configure:7836: checking whether to use NLS
configure:7838: result: yes
configure:7841: checking where the gettext function comes from
configure:7852: result: libc
configure:8133: checking for pkg-config
configure:8163: result: /usr/bin/pkg-config
configure:8188: checking pkg-config is at least version 0.9.0
configure:8191: result: yes
configure:8201: checking for GL
configure:8208: $PKG_CONFIG --exists --print-errors "gl"
configure:8211: $? = 0
configure:8225: $PKG_CONFIG --exists --print-errors "gl"
configure:8228: $? = 0
configure:8474: result: yes
configure:8498: checking GL/gl.h usability
configure:8498: gcc -c -I/usr/include/libdrm -g -O2  conftest.c >&5
configure:8498: $? = 0
configure:8498: result: yes
configure:8498: checking GL/gl.h presence
configure:8498: gcc -E  conftest.c
configure:8498: $? = 0
configure:8498: result: yes
configure:8498: checking for GL/gl.h
configure:8498: result: yes
configure:8525: checking for compiling a minimal OpenGL program
configure:8567: gcc -c -I/usr/include/libdrm -g -O2  conftest.c >&5
configure:8567: $? = 0
configure:8591: result: yes
configure:8599: checking for linking a minimal OpenGL program
configure:8646: gcc -o conftest -I/usr/include/libdrm -g -O2   conftest.c -lGL  >&5
configure:8646: $? = 0
configure:8679: result: yes
configure:8988: checking for pkg-config
configure:9018: result: /usr/bin/pkg-config
configure:9043: checking pkg-config is at least version 0.9.0
configure:9046: result: yes
configure:9056: checking for GLU
configure:9063: $PKG_CONFIG --exists --print-errors "glu"
configure:9066: $? = 0
configure:9080: $PKG_CONFIG --exists --print-errors "glu"
configure:9083: $? = 0
configure:9309: result: yes
configure:9440: checking for GL/glu.h
configure:9440: gcc -c -I/usr/include/libdrm -I/usr/include/libdrm -g -O2  conftest.c >&5
configure:9440: $? = 0
configure:9440: result: yes
configure:9476: checking for compiling a minimal OpenGL Utility (GLU) program
configure:9517: gcc -c -I/usr/include/libdrm -I/usr/include/libdrm -g -O2  conftest.c >&5
configure:9517: $? = 0
configure:9538: result: yes
configure:9544: checking for linking a minimal GLU program
configure:9590: gcc -o conftest -I/usr/include/libdrm -I/usr/include/libdrm -g -O2   conftest.c -lGLU -lGL -lGL  >&5
configure:9590: $? = 0
configure:9616: result: yes
configure:9625: checking if GLU varargs tesselator is using non-standard form
configure:9667: g++ -c -g -O2  conftest.cpp >&5
conftest.cpp: In function 'int main()':
conftest.cpp:68:48: error: invalid conversion from 'GLvoid (*)(...) {aka void (*)(...)}' to '_GLUfuncptr {aka void (*)()}' [-fpermissive]
 GLvoid (*func)(...); gluTessCallback(0, 0, func)
                                                ^
In file included from conftest.cpp:58:0:
/usr/include/GL/glu.h:340:23: note:   initializing argument 3 of 'void gluTessCallback(GLUtesselator*, GLenum, _GLUfuncptr)'
 GLAPI void GLAPIENTRY gluTessCallback (GLUtesselator* tess, GLenum which, _GLUfuncptr CallBackFunc);
                       ^
configure:9667: $? = 1
configure: failed program was:
| /* confdefs.h */
| #define PACKAGE_NAME "Chromium B.S.U."
| #define PACKAGE_TARNAME "chromium-bsu"
| #define PACKAGE_VERSION "0.9.16.1"
| #define PACKAGE_STRING "Chromium B.S.U. 0.9.16.1"
| #define PACKAGE_BUGREPORT "https://sf.net/p/chromium-bsu/bugs"
| #define PACKAGE_URL ""
| #define PACKAGE "chromium-bsu"
| #define VERSION "0.9.16.1"
| #define STDC_HEADERS 1
| #define HAVE_SYS_TYPES_H 1
| #define HAVE_SYS_STAT_H 1
| #define HAVE_STDLIB_H 1
| #define HAVE_STRING_H 1
| #define HAVE_MEMORY_H 1
| #define HAVE_STRINGS_H 1
| #define HAVE_INTTYPES_H 1
| #define HAVE_STDINT_H 1
| #define HAVE_UNISTD_H 1
| #define HAVE_FCNTL_H 1
| #define HAVE_STDLIB_H 1
| #define HAVE_STRING_H 1
| #define HAVE_UNISTD_H 1
| #define HAVE_LOCALE_H 1
| #define HAVE_LIBINTL_H 1
| #define HAVE__BOOL 1
| #define HAVE_STDBOOL_H 1
| #define HAVE_STDLIB_H 1
| #define HAVE_MALLOC 1
| #define LSTAT_FOLLOWS_SLASHED_SYMLINK 1
| #define HAVE_VPRINTF 1
| #define TIME_WITH_SYS_TIME 1
| #define HAVE_SYS_TIME_H 1
| #define HAVE_UNISTD_H 1
| #define HAVE_ALARM 1
| #define HAVE_ATEXIT 1
| #define HAVE_SETENV 1
| #define HAVE_STRCASECMP 1
| #define HAVE_STRCHR 1
| #define HAVE_STRERROR 1
| #define HAVE_STRRCHR 1
| #define HAVE_MEMSET 1
| #define HAVE_SETLOCALE 1
| #define HAVE_STRDUP 1
| #define HAVE_TZSET 1
| #define ENABLE_NLS 1
| #define HAVE_GETTEXT 1
| #define HAVE_DCGETTEXT 1
| #define HAVE_GL_GL_H 1
| #define HAVE_GL 1
| #define HAVE_GL_GLU_H 1
| /* end confdefs.h.  */
| 
| # if defined(HAVE_WINDOWS_H) && defined(_WIN32)
| #   include <windows.h>
| # endif
| # ifdef HAVE_GL_GLU_H
| #   include <GL/glu.h>
| # elif defined(HAVE_OPENGL_GLU_H)
| #   include <OpenGL/glu.h>
| # else
| #   error no glu.h
| # endif
| 
| int
| main ()
| {
| GLvoid (*func)(...); gluTessCallback(0, 0, func)
|   ;
|   return 0;
| }
| 
configure:9688: result: no
configure:9725: checking GL/glc.h usability
configure:9725: gcc -c -I/usr/include/libdrm -I/usr/include/libdrm -g -O2  conftest.c >&5
configure:9725: $? = 0
configure:9725: result: yes
configure:9725: checking GL/glc.h presence
configure:9725: gcc -E  conftest.c
configure:9725: $? = 0
configure:9725: result: yes
configure:9725: checking for GL/glc.h
configure:9725: result: yes
configure:9739: checking QuesoGLC/glc.h usability
configure:9739: gcc -c -I/usr/include/libdrm -I/usr/include/libdrm -g -O2  conftest.c >&5
conftest.c:88:26: fatal error: QuesoGLC/glc.h: No such file or directory
compilation terminated.
configure:9739: $? = 1
configure: failed program was:
| /* confdefs.h */
| #define PACKAGE_NAME "Chromium B.S.U."
| #define PACKAGE_TARNAME "chromium-bsu"
| #define PACKAGE_VERSION "0.9.16.1"
| #define PACKAGE_STRING "Chromium B.S.U. 0.9.16.1"
| #define PACKAGE_BUGREPORT "https://sf.net/p/chromium-bsu/bugs"
| #define PACKAGE_URL ""
| #define PACKAGE "chromium-bsu"
| #define VERSION "0.9.16.1"
| #define STDC_HEADERS 1
| #define HAVE_SYS_TYPES_H 1
| #define HAVE_SYS_STAT_H 1
| #define HAVE_STDLIB_H 1
| #define HAVE_STRING_H 1
| #define HAVE_MEMORY_H 1
| #define HAVE_STRINGS_H 1
| #define HAVE_INTTYPES_H 1
| #define HAVE_STDINT_H 1
| #define HAVE_UNISTD_H 1
| #define HAVE_FCNTL_H 1
| #define HAVE_STDLIB_H 1
| #define HAVE_STRING_H 1
| #define HAVE_UNISTD_H 1
| #define HAVE_LOCALE_H 1
| #define HAVE_LIBINTL_H 1
| #define HAVE__BOOL 1
| #define HAVE_STDBOOL_H 1
| #define HAVE_STDLIB_H 1
| #define HAVE_MALLOC 1
| #define LSTAT_FOLLOWS_SLASHED_SYMLINK 1
| #define HAVE_VPRINTF 1
| #define TIME_WITH_SYS_TIME 1
| #define HAVE_SYS_TIME_H 1
| #define HAVE_UNISTD_H 1
| #define HAVE_ALARM 1
| #define HAVE_ATEXIT 1
| #define HAVE_SETENV 1
| #define HAVE_STRCASECMP 1
| #define HAVE_STRCHR 1
| #define HAVE_STRERROR 1
| #define HAVE_STRRCHR 1
| #define HAVE_MEMSET 1
| #define HAVE_SETLOCALE 1
| #define HAVE_STRDUP 1
| #define HAVE_TZSET 1
| #define ENABLE_NLS 1
| #define HAVE_GETTEXT 1
| #define HAVE_DCGETTEXT 1
| #define HAVE_GL_GL_H 1
| #define HAVE_GL 1
| #define HAVE_GL_GLU_H 1
| #define HAVE_GLU 1
| #define HAVE_GL_GLC_H 1
| /* end confdefs.h.  */
| #include <stdio.h>
| #ifdef HAVE_SYS_TYPES_H
| # include <sys/types.h>
| #endif
| #ifdef HAVE_SYS_STAT_H
| # include <sys/stat.h>
| #endif
| #ifdef STDC_HEADERS
| # include <stdlib.h>
| # include <stddef.h>
| #else
| # ifdef HAVE_STDLIB_H
| #  include <stdlib.h>
| # endif
| #endif
| #ifdef HAVE_STRING_H
| # if !defined STDC_HEADERS && defined HAVE_MEMORY_H
| #  include <memory.h>
| # endif
| # include <string.h>
| #endif
| #ifdef HAVE_STRINGS_H
| # include <strings.h>
| #endif
| #ifdef HAVE_INTTYPES_H
| # include <inttypes.h>
| #endif
| #ifdef HAVE_STDINT_H
| # include <stdint.h>
| #endif
| #ifdef HAVE_UNISTD_H
| # include <unistd.h>
| #endif
| #include <QuesoGLC/glc.h>
configure:9739: result: no
configure:9739: checking QuesoGLC/glc.h presence
configure:9739: gcc -E  conftest.c
conftest.c:55:26: fatal error: QuesoGLC/glc.h: No such file or directory
compilation terminated.
configure:9739: $? = 1
configure: failed program was:
| /* confdefs.h */
| #define PACKAGE_NAME "Chromium B.S.U."
| #define PACKAGE_TARNAME "chromium-bsu"
| #define PACKAGE_VERSION "0.9.16.1"
| #define PACKAGE_STRING "Chromium B.S.U. 0.9.16.1"
| #define PACKAGE_BUGREPORT "https://sf.net/p/chromium-bsu/bugs"
| #define PACKAGE_URL ""
| #define PACKAGE "chromium-bsu"
| #define VERSION "0.9.16.1"
| #define STDC_HEADERS 1
| #define HAVE_SYS_TYPES_H 1
| #define HAVE_SYS_STAT_H 1
| #define HAVE_STDLIB_H 1
| #define HAVE_STRING_H 1
| #define HAVE_MEMORY_H 1
| #define HAVE_STRINGS_H 1
| #define HAVE_INTTYPES_H 1
| #define HAVE_STDINT_H 1
| #define HAVE_UNISTD_H 1
| #define HAVE_FCNTL_H 1
| #define HAVE_STDLIB_H 1
| #define HAVE_STRING_H 1
| #define HAVE_UNISTD_H 1
| #define HAVE_LOCALE_H 1
| #define HAVE_LIBINTL_H 1
| #define HAVE__BOOL 1
| #define HAVE_STDBOOL_H 1
| #define HAVE_STDLIB_H 1
| #define HAVE_MALLOC 1
| #define LSTAT_FOLLOWS_SLASHED_SYMLINK 1
| #define HAVE_VPRINTF 1
| #define TIME_WITH_SYS_TIME 1
| #define HAVE_SYS_TIME_H 1
| #define HAVE_UNISTD_H 1
| #define HAVE_ALARM 1
| #define HAVE_ATEXIT 1
| #define HAVE_SETENV 1
| #define HAVE_STRCASECMP 1
| #define HAVE_STRCHR 1
| #define HAVE_STRERROR 1
| #define HAVE_STRRCHR 1
| #define HAVE_MEMSET 1
| #define HAVE_SETLOCALE 1
| #define HAVE_STRDUP 1
| #define HAVE_TZSET 1
| #define ENABLE_NLS 1
| #define HAVE_GETTEXT 1
| #define HAVE_DCGETTEXT 1
| #define HAVE_GL_GL_H 1
| #define HAVE_GL 1
| #define HAVE_GL_GLU_H 1
| #define HAVE_GLU 1
| #define HAVE_GL_GLC_H 1
| /* end confdefs.h.  */
| #include <QuesoGLC/glc.h>
configure:9739: result: no
configure:9739: checking for QuesoGLC/glc.h
configure:9739: result: no
configure:9751: checking for glcGenContext in -lGLC
configure:9776: gcc -o conftest -I/usr/include/libdrm -I/usr/include/libdrm -g -O2   conftest.c -lGLC  -lGLU -lGL -lGL  >&5
configure:9776: $? = 0
configure:9785: result: yes
configure:9793: checking for glcGenContext in -lglc32
configure:9818: gcc -o conftest -I/usr/include/libdrm -I/usr/include/libdrm -g -O2   conftest.c -lglc32  -lGLU -lGL -lGL  >&5
/usr/bin/ld: cannot find -lglc32
collect2: error: ld returned 1 exit status
configure:9818: $? = 1
configure: failed program was:
| /* confdefs.h */
| #define PACKAGE_NAME "Chromium B.S.U."
| #define PACKAGE_TARNAME "chromium-bsu"
| #define PACKAGE_VERSION "0.9.16.1"
| #define PACKAGE_STRING "Chromium B.S.U. 0.9.16.1"
| #define PACKAGE_BUGREPORT "https://sf.net/p/chromium-bsu/bugs"
| #define PACKAGE_URL ""
| #define PACKAGE "chromium-bsu"
| #define VERSION "0.9.16.1"
| #define STDC_HEADERS 1
| #define HAVE_SYS_TYPES_H 1
| #define HAVE_SYS_STAT_H 1
| #define HAVE_STDLIB_H 1
| #define HAVE_STRING_H 1
| #define HAVE_MEMORY_H 1
| #define HAVE_STRINGS_H 1
| #define HAVE_INTTYPES_H 1
| #define HAVE_STDINT_H 1
| #define HAVE_UNISTD_H 1
| #define HAVE_FCNTL_H 1
| #define HAVE_STDLIB_H 1
| #define HAVE_STRING_H 1
| #define HAVE_UNISTD_H 1
| #define HAVE_LOCALE_H 1
| #define HAVE_LIBINTL_H 1
| #define HAVE__BOOL 1
| #define HAVE_STDBOOL_H 1
| #define HAVE_STDLIB_H 1
| #define HAVE_MALLOC 1
| #define LSTAT_FOLLOWS_SLASHED_SYMLINK 1
| #define HAVE_VPRINTF 1
| #define TIME_WITH_SYS_TIME 1
| #define HAVE_SYS_TIME_H 1
| #define HAVE_UNISTD_H 1
| #define HAVE_ALARM 1
| #define HAVE_ATEXIT 1
| #define HAVE_SETENV 1
| #define HAVE_STRCASECMP 1
| #define HAVE_STRCHR 1
| #define HAVE_STRERROR 1
| #define HAVE_STRRCHR 1
| #define HAVE_MEMSET 1
| #define HAVE_SETLOCALE 1
| #define HAVE_STRDUP 1
| #define HAVE_TZSET 1
| #define ENABLE_NLS 1
| #define HAVE_GETTEXT 1
| #define HAVE_DCGETTEXT 1
| #define HAVE_GL_GL_H 1
| #define HAVE_GL 1
| #define HAVE_GL_GLU_H 1
| #define HAVE_GLU 1
| #define HAVE_GL_GLC_H 1
| /* end confdefs.h.  */
| 
| /* Override any GCC internal prototype to avoid an error.
|    Use char because int might match the return type of a GCC
|    builtin and then its argument prototype would still apply.  */
| #ifdef __cplusplus
| extern "C"
| #endif
| char glcGenContext ();
| int
| main ()
| {
| return glcGenContext ();
|   ;
|   return 0;
| }
configure:9827: result: no
configure:9840: checking for FTGL
configure:9847: $PKG_CONFIG --exists --print-errors "ftgl >= 2.1.3"
configure:9850: $? = 0
configure:9864: $PKG_CONFIG --exists --print-errors "ftgl >= 2.1.3"
configure:9867: $? = 0
configure:9905: result: yes
configure:9925: checking for FONTCONFIG
configure:9932: $PKG_CONFIG --exists --print-errors "fontconfig"
configure:9935: $? = 0
configure:9949: $PKG_CONFIG --exists --print-errors "fontconfig"
configure:9952: $? = 0
configure:9990: result: yes
configure:10026: checking for SDL2
configure:10033: $PKG_CONFIG --exists --print-errors "sdl2"
configure:10036: $? = 0
configure:10050: $PKG_CONFIG --exists --print-errors "sdl2"
configure:10053: $? = 0
configure:10091: result: yes
configure:10100: checking for SDL
configure:10107: $PKG_CONFIG --exists --print-errors "sdl >= 1.1.6"
configure:10110: $? = 0
configure:10124: $PKG_CONFIG --exists --print-errors "sdl >= 1.1.6"
configure:10127: $? = 0
configure:10165: result: yes
configure:10315: checking for library containing glutMainLoop
configure:10346: gcc -o conftest  -I/usr/include/libdrm -I/usr/include/libdrm -g -O2   conftest.c  -lGLU -lGL -lGL  >&5
/tmp/ccpO5NcJ.o: In function `main':
/home/rafal/Pulpit/WorkingRepos/GIT_HUB/QtChromiumBSU/chromium-bsu-0.9.16.1/conftest.c:66: undefined reference to `glutMainLoop'
collect2: error: ld returned 1 exit status
configure:10346: $? = 1
configure: failed program was:
| /* confdefs.h */
| #define PACKAGE_NAME "Chromium B.S.U."
| #define PACKAGE_TARNAME "chromium-bsu"
| #define PACKAGE_VERSION "0.9.16.1"
| #define PACKAGE_STRING "Chromium B.S.U. 0.9.16.1"
| #define PACKAGE_BUGREPORT "https://sf.net/p/chromium-bsu/bugs"
| #define PACKAGE_URL ""
| #define PACKAGE "chromium-bsu"
| #define VERSION "0.9.16.1"
| #define STDC_HEADERS 1
| #define HAVE_SYS_TYPES_H 1
| #define HAVE_SYS_STAT_H 1
| #define HAVE_STDLIB_H 1
| #define HAVE_STRING_H 1
| #define HAVE_MEMORY_H 1
| #define HAVE_STRINGS_H 1
| #define HAVE_INTTYPES_H 1
| #define HAVE_STDINT_H 1
| #define HAVE_UNISTD_H 1
| #define HAVE_FCNTL_H 1
| #define HAVE_STDLIB_H 1
| #define HAVE_STRING_H 1
| #define HAVE_UNISTD_H 1
| #define HAVE_LOCALE_H 1
| #define HAVE_LIBINTL_H 1
| #define HAVE__BOOL 1
| #define HAVE_STDBOOL_H 1
| #define HAVE_STDLIB_H 1
| #define HAVE_MALLOC 1
| #define LSTAT_FOLLOWS_SLASHED_SYMLINK 1
| #define HAVE_VPRINTF 1
| #define TIME_WITH_SYS_TIME 1
| #define HAVE_SYS_TIME_H 1
| #define HAVE_UNISTD_H 1
| #define HAVE_ALARM 1
| #define HAVE_ATEXIT 1
| #define HAVE_SETENV 1
| #define HAVE_STRCASECMP 1
| #define HAVE_STRCHR 1
| #define HAVE_STRERROR 1
| #define HAVE_STRRCHR 1
| #define HAVE_MEMSET 1
| #define HAVE_SETLOCALE 1
| #define HAVE_STRDUP 1
| #define HAVE_TZSET 1
| #define ENABLE_NLS 1
| #define HAVE_GETTEXT 1
| #define HAVE_DCGETTEXT 1
| #define HAVE_GL_GL_H 1
| #define HAVE_GL 1
| #define HAVE_GL_GLU_H 1
| #define HAVE_GLU 1
| #define HAVE_GL_GLC_H 1
| /* end confdefs.h.  */
| 
| /* Override any GCC internal prototype to avoid an error.
|    Use char because int might match the return type of a GCC
|    builtin and then its argument prototype would still apply.  */
| #ifdef __cplusplus
| extern "C"
| #endif
| char glutMainLoop ();
| int
| main ()
| {
| return glutMainLoop ();
|   ;
|   return 0;
| }
configure:10346: gcc -o conftest  -I/usr/include/libdrm -I/usr/include/libdrm -g -O2   conftest.c -lglut   -lGLU -lGL -lGL  >&5
configure:10346: $? = 0
configure:10363: result: -lglut
configure:10500: checking GL/glut.h usability
configure:10500: gcc -c  -I/usr/include/libdrm -I/usr/include/libdrm -g -O2  conftest.c >&5
configure:10500: $? = 0
configure:10500: result: yes
configure:10500: checking GL/glut.h presence
configure:10500: gcc -E  conftest.c
configure:10500: $? = 0
configure:10500: result: yes
configure:10500: checking for GL/glut.h
configure:10500: result: yes
configure:10528: checking for compiling a minimal GLUT program
configure:10568: gcc -c  -I/usr/include/libdrm -I/usr/include/libdrm -g -O2  conftest.c >&5
configure:10568: $? = 0
configure:10590: result: yes
configure:10596: checking for linking a minimal GLUT program
configure:10641: gcc -o conftest  -I/usr/include/libdrm -I/usr/include/libdrm -g -O2   conftest.c -lglut -lGLU -lGL -lGL  >&5
configure:10641: $? = 0
configure:10668: result: yes
configure:10707: checking for OPENAL
configure:10714: $PKG_CONFIG --exists --print-errors "openal"
configure:10717: $? = 0
configure:10731: $PKG_CONFIG --exists --print-errors "openal"
configure:10734: $? = 0
configure:10772: result: yes
configure:10778: checking for FREEALUT
configure:10785: $PKG_CONFIG --exists --print-errors "freealut"
configure:10788: $? = 0
configure:10802: $PKG_CONFIG --exists --print-errors "freealut"
configure:10805: $? = 0
configure:10843: result: yes
configure:10852: checking for SDL2MIXER
configure:10859: $PKG_CONFIG --exists --print-errors "SDL2_mixer"
Package SDL2_mixer was not found in the pkg-config search path.
Perhaps you should add the directory containing `SDL2_mixer.pc'
to the PKG_CONFIG_PATH environment variable
No package 'SDL2_mixer' found
configure:10862: $? = 1
configure:10876: $PKG_CONFIG --exists --print-errors "SDL2_mixer"
Package SDL2_mixer was not found in the pkg-config search path.
Perhaps you should add the directory containing `SDL2_mixer.pc'
to the PKG_CONFIG_PATH environment variable
No package 'SDL2_mixer' found
configure:10879: $? = 1
configure:10893: result: no
No package 'SDL2_mixer' found
configure:10926: checking for SDLMIXER
configure:10933: $PKG_CONFIG --exists --print-errors "SDL_mixer"
Package SDL_mixer was not found in the pkg-config search path.
Perhaps you should add the directory containing `SDL_mixer.pc'
to the PKG_CONFIG_PATH environment variable
No package 'SDL_mixer' found
configure:10936: $? = 1
configure:10950: $PKG_CONFIG --exists --print-errors "SDL_mixer"
Package SDL_mixer was not found in the pkg-config search path.
Perhaps you should add the directory containing `SDL_mixer.pc'
to the PKG_CONFIG_PATH environment variable
No package 'SDL_mixer' found
configure:10953: $? = 1
configure:10967: result: no
No package 'SDL_mixer' found
configure:11017: checking for SDL2IMAGE
configure:11024: $PKG_CONFIG --exists --print-errors "SDL2_image"
Package SDL2_image was not found in the pkg-config search path.
Perhaps you should add the directory containing `SDL2_image.pc'
to the PKG_CONFIG_PATH environment variable
No package 'SDL2_image' found
configure:11027: $? = 1
configure:11041: $PKG_CONFIG --exists --print-errors "SDL2_image"
Package SDL2_image was not found in the pkg-config search path.
Perhaps you should add the directory containing `SDL2_image.pc'
to the PKG_CONFIG_PATH environment variable
No package 'SDL2_image' found
configure:11044: $? = 1
configure:11058: result: no
No package 'SDL2_image' found
configure:11091: checking for SDLIMAGE
configure:11098: $PKG_CONFIG --exists --print-errors "SDL_image"
configure:11101: $? = 0
configure:11115: $PKG_CONFIG --exists --print-errors "SDL_image"
configure:11118: $? = 0
configure:11156: result: yes
configure:11165: checking GL/glpng.h usability
configure:11165: gcc -c -I/usr/include/libdrm -I/usr/include/libdrm -g -O2  conftest.c >&5
configure:11165: $? = 0
configure:11165: result: yes
configure:11165: checking GL/glpng.h presence
configure:11165: gcc -E  conftest.c
configure:11165: $? = 0
configure:11165: result: yes
configure:11165: checking for GL/glpng.h
configure:11165: result: yes
configure:11179: checking glpng/glpng.h usability
configure:11179: gcc -c -I/usr/include/libdrm -I/usr/include/libdrm -g -O2  conftest.c >&5
conftest.c:91:25: fatal error: glpng/glpng.h: No such file or directory
compilation terminated.
configure:11179: $? = 1
configure: failed program was:
| /* confdefs.h */
| #define PACKAGE_NAME "Chromium B.S.U."
| #define PACKAGE_TARNAME "chromium-bsu"
| #define PACKAGE_VERSION "0.9.16.1"
| #define PACKAGE_STRING "Chromium B.S.U. 0.9.16.1"
| #define PACKAGE_BUGREPORT "https://sf.net/p/chromium-bsu/bugs"
| #define PACKAGE_URL ""
| #define PACKAGE "chromium-bsu"
| #define VERSION "0.9.16.1"
| #define STDC_HEADERS 1
| #define HAVE_SYS_TYPES_H 1
| #define HAVE_SYS_STAT_H 1
| #define HAVE_STDLIB_H 1
| #define HAVE_STRING_H 1
| #define HAVE_MEMORY_H 1
| #define HAVE_STRINGS_H 1
| #define HAVE_INTTYPES_H 1
| #define HAVE_STDINT_H 1
| #define HAVE_UNISTD_H 1
| #define HAVE_FCNTL_H 1
| #define HAVE_STDLIB_H 1
| #define HAVE_STRING_H 1
| #define HAVE_UNISTD_H 1
| #define HAVE_LOCALE_H 1
| #define HAVE_LIBINTL_H 1
| #define HAVE__BOOL 1
| #define HAVE_STDBOOL_H 1
| #define HAVE_STDLIB_H 1
| #define HAVE_MALLOC 1
| #define LSTAT_FOLLOWS_SLASHED_SYMLINK 1
| #define HAVE_VPRINTF 1
| #define TIME_WITH_SYS_TIME 1
| #define HAVE_SYS_TIME_H 1
| #define HAVE_UNISTD_H 1
| #define HAVE_ALARM 1
| #define HAVE_ATEXIT 1
| #define HAVE_SETENV 1
| #define HAVE_STRCASECMP 1
| #define HAVE_STRCHR 1
| #define HAVE_STRERROR 1
| #define HAVE_STRRCHR 1
| #define HAVE_MEMSET 1
| #define HAVE_SETLOCALE 1
| #define HAVE_STRDUP 1
| #define HAVE_TZSET 1
| #define ENABLE_NLS 1
| #define HAVE_GETTEXT 1
| #define HAVE_DCGETTEXT 1
| #define HAVE_GL_GL_H 1
| #define HAVE_GL 1
| #define HAVE_GL_GLU_H 1
| #define HAVE_GLU 1
| #define HAVE_GL_GLC_H 1
| #define HAVE_GL_GLUT_H 1
| #define HAVE_GLUT 1
| #define HAVE_GL_GLPNG_H 1
| /* end confdefs.h.  */
| #include <stdio.h>
| #ifdef HAVE_SYS_TYPES_H
| # include <sys/types.h>
| #endif
| #ifdef HAVE_SYS_STAT_H
| # include <sys/stat.h>
| #endif
| #ifdef STDC_HEADERS
| # include <stdlib.h>
| # include <stddef.h>
| #else
| # ifdef HAVE_STDLIB_H
| #  include <stdlib.h>
| # endif
| #endif
| #ifdef HAVE_STRING_H
| # if !defined STDC_HEADERS && defined HAVE_MEMORY_H
| #  include <memory.h>
| # endif
| # include <string.h>
| #endif
| #ifdef HAVE_STRINGS_H
| # include <strings.h>
| #endif
| #ifdef HAVE_INTTYPES_H
| # include <inttypes.h>
| #endif
| #ifdef HAVE_STDINT_H
| # include <stdint.h>
| #endif
| #ifdef HAVE_UNISTD_H
| # include <unistd.h>
| #endif
| #include <glpng/glpng.h>
configure:11179: result: no
configure:11179: checking glpng/glpng.h presence
configure:11179: gcc -E  conftest.c
conftest.c:58:25: fatal error: glpng/glpng.h: No such file or directory
compilation terminated.
configure:11179: $? = 1
configure: failed program was:
| /* confdefs.h */
| #define PACKAGE_NAME "Chromium B.S.U."
| #define PACKAGE_TARNAME "chromium-bsu"
| #define PACKAGE_VERSION "0.9.16.1"
| #define PACKAGE_STRING "Chromium B.S.U. 0.9.16.1"
| #define PACKAGE_BUGREPORT "https://sf.net/p/chromium-bsu/bugs"
| #define PACKAGE_URL ""
| #define PACKAGE "chromium-bsu"
| #define VERSION "0.9.16.1"
| #define STDC_HEADERS 1
| #define HAVE_SYS_TYPES_H 1
| #define HAVE_SYS_STAT_H 1
| #define HAVE_STDLIB_H 1
| #define HAVE_STRING_H 1
| #define HAVE_MEMORY_H 1
| #define HAVE_STRINGS_H 1
| #define HAVE_INTTYPES_H 1
| #define HAVE_STDINT_H 1
| #define HAVE_UNISTD_H 1
| #define HAVE_FCNTL_H 1
| #define HAVE_STDLIB_H 1
| #define HAVE_STRING_H 1
| #define HAVE_UNISTD_H 1
| #define HAVE_LOCALE_H 1
| #define HAVE_LIBINTL_H 1
| #define HAVE__BOOL 1
| #define HAVE_STDBOOL_H 1
| #define HAVE_STDLIB_H 1
| #define HAVE_MALLOC 1
| #define LSTAT_FOLLOWS_SLASHED_SYMLINK 1
| #define HAVE_VPRINTF 1
| #define TIME_WITH_SYS_TIME 1
| #define HAVE_SYS_TIME_H 1
| #define HAVE_UNISTD_H 1
| #define HAVE_ALARM 1
| #define HAVE_ATEXIT 1
| #define HAVE_SETENV 1
| #define HAVE_STRCASECMP 1
| #define HAVE_STRCHR 1
| #define HAVE_STRERROR 1
| #define HAVE_STRRCHR 1
| #define HAVE_MEMSET 1
| #define HAVE_SETLOCALE 1
| #define HAVE_STRDUP 1
| #define HAVE_TZSET 1
| #define ENABLE_NLS 1
| #define HAVE_GETTEXT 1
| #define HAVE_DCGETTEXT 1
| #define HAVE_GL_GL_H 1
| #define HAVE_GL 1
| #define HAVE_GL_GLU_H 1
| #define HAVE_GLU 1
| #define HAVE_GL_GLC_H 1
| #define HAVE_GL_GLUT_H 1
| #define HAVE_GLUT 1
| #define HAVE_GL_GLPNG_H 1
| /* end confdefs.h.  */
| #include <glpng/glpng.h>
configure:11179: result: no
configure:11179: checking for glpng/glpng.h
configure:11179: result: no
configure:11191: checking for pngBind in -lglpng
configure:11216: gcc -o conftest -I/usr/include/libdrm -I/usr/include/libdrm -g -O2   conftest.c -lglpng -lGL -lGLU -lGL -lGL  >&5
//usr/local/lib/libglpng.so: undefined reference to `glColorTableEXT'
collect2: error: ld returned 1 exit status
configure:11216: $? = 1
configure: failed program was:
| /* confdefs.h */
| #define PACKAGE_NAME "Chromium B.S.U."
| #define PACKAGE_TARNAME "chromium-bsu"
| #define PACKAGE_VERSION "0.9.16.1"
| #define PACKAGE_STRING "Chromium B.S.U. 0.9.16.1"
| #define PACKAGE_BUGREPORT "https://sf.net/p/chromium-bsu/bugs"
| #define PACKAGE_URL ""
| #define PACKAGE "chromium-bsu"
| #define VERSION "0.9.16.1"
| #define STDC_HEADERS 1
| #define HAVE_SYS_TYPES_H 1
| #define HAVE_SYS_STAT_H 1
| #define HAVE_STDLIB_H 1
| #define HAVE_STRING_H 1
| #define HAVE_MEMORY_H 1
| #define HAVE_STRINGS_H 1
| #define HAVE_INTTYPES_H 1
| #define HAVE_STDINT_H 1
| #define HAVE_UNISTD_H 1
| #define HAVE_FCNTL_H 1
| #define HAVE_STDLIB_H 1
| #define HAVE_STRING_H 1
| #define HAVE_UNISTD_H 1
| #define HAVE_LOCALE_H 1
| #define HAVE_LIBINTL_H 1
| #define HAVE__BOOL 1
| #define HAVE_STDBOOL_H 1
| #define HAVE_STDLIB_H 1
| #define HAVE_MALLOC 1
| #define LSTAT_FOLLOWS_SLASHED_SYMLINK 1
| #define HAVE_VPRINTF 1
| #define TIME_WITH_SYS_TIME 1
| #define HAVE_SYS_TIME_H 1
| #define HAVE_UNISTD_H 1
| #define HAVE_ALARM 1
| #define HAVE_ATEXIT 1
| #define HAVE_SETENV 1
| #define HAVE_STRCASECMP 1
| #define HAVE_STRCHR 1
| #define HAVE_STRERROR 1
| #define HAVE_STRRCHR 1
| #define HAVE_MEMSET 1
| #define HAVE_SETLOCALE 1
| #define HAVE_STRDUP 1
| #define HAVE_TZSET 1
| #define ENABLE_NLS 1
| #define HAVE_GETTEXT 1
| #define HAVE_DCGETTEXT 1
| #define HAVE_GL_GL_H 1
| #define HAVE_GL 1
| #define HAVE_GL_GLU_H 1
| #define HAVE_GLU 1
| #define HAVE_GL_GLC_H 1
| #define HAVE_GL_GLUT_H 1
| #define HAVE_GLUT 1
| #define HAVE_GL_GLPNG_H 1
| /* end confdefs.h.  */
| 
| /* Override any GCC internal prototype to avoid an error.
|    Use char because int might match the return type of a GCC
|    builtin and then its argument prototype would still apply.  */
| #ifdef __cplusplus
| extern "C"
| #endif
| char pngBind ();
| int
| main ()
| {
| return pngBind ();
|   ;
|   return 0;
| }
configure:11225: result: no
configure:11354: checking OpenAL/al.h usability
configure:11354: gcc -c -I/usr/include/libdrm -I/usr/include/libdrm -g -O2 -I/usr/include/AL -I/usr/include/AL  -I/usr/include/AL -I/usr/include/AL conftest.c >&5
conftest.c:94:23: fatal error: OpenAL/al.h: No such file or directory
compilation terminated.
configure:11354: $? = 1
configure: failed program was:
| /* confdefs.h */
| #define PACKAGE_NAME "Chromium B.S.U."
| #define PACKAGE_TARNAME "chromium-bsu"
| #define PACKAGE_VERSION "0.9.16.1"
| #define PACKAGE_STRING "Chromium B.S.U. 0.9.16.1"
| #define PACKAGE_BUGREPORT "https://sf.net/p/chromium-bsu/bugs"
| #define PACKAGE_URL ""
| #define PACKAGE "chromium-bsu"
| #define VERSION "0.9.16.1"
| #define STDC_HEADERS 1
| #define HAVE_SYS_TYPES_H 1
| #define HAVE_SYS_STAT_H 1
| #define HAVE_STDLIB_H 1
| #define HAVE_STRING_H 1
| #define HAVE_MEMORY_H 1
| #define HAVE_STRINGS_H 1
| #define HAVE_INTTYPES_H 1
| #define HAVE_STDINT_H 1
| #define HAVE_UNISTD_H 1
| #define HAVE_FCNTL_H 1
| #define HAVE_STDLIB_H 1
| #define HAVE_STRING_H 1
| #define HAVE_UNISTD_H 1
| #define HAVE_LOCALE_H 1
| #define HAVE_LIBINTL_H 1
| #define HAVE__BOOL 1
| #define HAVE_STDBOOL_H 1
| #define HAVE_STDLIB_H 1
| #define HAVE_MALLOC 1
| #define LSTAT_FOLLOWS_SLASHED_SYMLINK 1
| #define HAVE_VPRINTF 1
| #define TIME_WITH_SYS_TIME 1
| #define HAVE_SYS_TIME_H 1
| #define HAVE_UNISTD_H 1
| #define HAVE_ALARM 1
| #define HAVE_ATEXIT 1
| #define HAVE_SETENV 1
| #define HAVE_STRCASECMP 1
| #define HAVE_STRCHR 1
| #define HAVE_STRERROR 1
| #define HAVE_STRRCHR 1
| #define HAVE_MEMSET 1
| #define HAVE_SETLOCALE 1
| #define HAVE_STRDUP 1
| #define HAVE_TZSET 1
| #define ENABLE_NLS 1
| #define HAVE_GETTEXT 1
| #define HAVE_DCGETTEXT 1
| #define HAVE_GL_GL_H 1
| #define HAVE_GL 1
| #define HAVE_GL_GLU_H 1
| #define HAVE_GLU 1
| #define HAVE_GL_GLC_H 1
| #define HAVE_GL_GLUT_H 1
| #define HAVE_GLUT 1
| #define HAVE_GL_GLPNG_H 1
| #define TEXT_GLC 1
| #define USE_SDL 1
| #define AUDIO_OPENAL 1
| /* end confdefs.h.  */
| #include <stdio.h>
| #ifdef HAVE_SYS_TYPES_H
| # include <sys/types.h>
| #endif
| #ifdef HAVE_SYS_STAT_H
| # include <sys/stat.h>
| #endif
| #ifdef STDC_HEADERS
| # include <stdlib.h>
| # include <stddef.h>
| #else
| # ifdef HAVE_STDLIB_H
| #  include <stdlib.h>
| # endif
| #endif
| #ifdef HAVE_STRING_H
| # if !defined STDC_HEADERS && defined HAVE_MEMORY_H
| #  include <memory.h>
| # endif
| # include <string.h>
| #endif
| #ifdef HAVE_STRINGS_H
| # include <strings.h>
| #endif
| #ifdef HAVE_INTTYPES_H
| # include <inttypes.h>
| #endif
| #ifdef HAVE_STDINT_H
| # include <stdint.h>
| #endif
| #ifdef HAVE_UNISTD_H
| # include <unistd.h>
| #endif
| #include <OpenAL/al.h>
configure:11354: result: no
configure:11354: checking OpenAL/al.h presence
configure:11354: gcc -E  -I/usr/include/AL -I/usr/include/AL conftest.c
conftest.c:61:23: fatal error: OpenAL/al.h: No such file or directory
compilation terminated.
configure:11354: $? = 1
configure: failed program was:
| /* confdefs.h */
| #define PACKAGE_NAME "Chromium B.S.U."
| #define PACKAGE_TARNAME "chromium-bsu"
| #define PACKAGE_VERSION "0.9.16.1"
| #define PACKAGE_STRING "Chromium B.S.U. 0.9.16.1"
| #define PACKAGE_BUGREPORT "https://sf.net/p/chromium-bsu/bugs"
| #define PACKAGE_URL ""
| #define PACKAGE "chromium-bsu"
| #define VERSION "0.9.16.1"
| #define STDC_HEADERS 1
| #define HAVE_SYS_TYPES_H 1
| #define HAVE_SYS_STAT_H 1
| #define HAVE_STDLIB_H 1
| #define HAVE_STRING_H 1
| #define HAVE_MEMORY_H 1
| #define HAVE_STRINGS_H 1
| #define HAVE_INTTYPES_H 1
| #define HAVE_STDINT_H 1
| #define HAVE_UNISTD_H 1
| #define HAVE_FCNTL_H 1
| #define HAVE_STDLIB_H 1
| #define HAVE_STRING_H 1
| #define HAVE_UNISTD_H 1
| #define HAVE_LOCALE_H 1
| #define HAVE_LIBINTL_H 1
| #define HAVE__BOOL 1
| #define HAVE_STDBOOL_H 1
| #define HAVE_STDLIB_H 1
| #define HAVE_MALLOC 1
| #define LSTAT_FOLLOWS_SLASHED_SYMLINK 1
| #define HAVE_VPRINTF 1
| #define TIME_WITH_SYS_TIME 1
| #define HAVE_SYS_TIME_H 1
| #define HAVE_UNISTD_H 1
| #define HAVE_ALARM 1
| #define HAVE_ATEXIT 1
| #define HAVE_SETENV 1
| #define HAVE_STRCASECMP 1
| #define HAVE_STRCHR 1
| #define HAVE_STRERROR 1
| #define HAVE_STRRCHR 1
| #define HAVE_MEMSET 1
| #define HAVE_SETLOCALE 1
| #define HAVE_STRDUP 1
| #define HAVE_TZSET 1
| #define ENABLE_NLS 1
| #define HAVE_GETTEXT 1
| #define HAVE_DCGETTEXT 1
| #define HAVE_GL_GL_H 1
| #define HAVE_GL 1
| #define HAVE_GL_GLU_H 1
| #define HAVE_GLU 1
| #define HAVE_GL_GLC_H 1
| #define HAVE_GL_GLUT_H 1
| #define HAVE_GLUT 1
| #define HAVE_GL_GLPNG_H 1
| #define TEXT_GLC 1
| #define USE_SDL 1
| #define AUDIO_OPENAL 1
| /* end confdefs.h.  */
| #include <OpenAL/al.h>
configure:11354: result: no
configure:11354: checking for OpenAL/al.h
configure:11354: result: no
configure:11354: checking OpenAL/alc.h usability
configure:11354: gcc -c -I/usr/include/libdrm -I/usr/include/libdrm -g -O2 -I/usr/include/AL -I/usr/include/AL  -I/usr/include/AL -I/usr/include/AL conftest.c >&5
conftest.c:94:24: fatal error: OpenAL/alc.h: No such file or directory
compilation terminated.
configure:11354: $? = 1
configure: failed program was:
| /* confdefs.h */
| #define PACKAGE_NAME "Chromium B.S.U."
| #define PACKAGE_TARNAME "chromium-bsu"
| #define PACKAGE_VERSION "0.9.16.1"
| #define PACKAGE_STRING "Chromium B.S.U. 0.9.16.1"
| #define PACKAGE_BUGREPORT "https://sf.net/p/chromium-bsu/bugs"
| #define PACKAGE_URL ""
| #define PACKAGE "chromium-bsu"
| #define VERSION "0.9.16.1"
| #define STDC_HEADERS 1
| #define HAVE_SYS_TYPES_H 1
| #define HAVE_SYS_STAT_H 1
| #define HAVE_STDLIB_H 1
| #define HAVE_STRING_H 1
| #define HAVE_MEMORY_H 1
| #define HAVE_STRINGS_H 1
| #define HAVE_INTTYPES_H 1
| #define HAVE_STDINT_H 1
| #define HAVE_UNISTD_H 1
| #define HAVE_FCNTL_H 1
| #define HAVE_STDLIB_H 1
| #define HAVE_STRING_H 1
| #define HAVE_UNISTD_H 1
| #define HAVE_LOCALE_H 1
| #define HAVE_LIBINTL_H 1
| #define HAVE__BOOL 1
| #define HAVE_STDBOOL_H 1
| #define HAVE_STDLIB_H 1
| #define HAVE_MALLOC 1
| #define LSTAT_FOLLOWS_SLASHED_SYMLINK 1
| #define HAVE_VPRINTF 1
| #define TIME_WITH_SYS_TIME 1
| #define HAVE_SYS_TIME_H 1
| #define HAVE_UNISTD_H 1
| #define HAVE_ALARM 1
| #define HAVE_ATEXIT 1
| #define HAVE_SETENV 1
| #define HAVE_STRCASECMP 1
| #define HAVE_STRCHR 1
| #define HAVE_STRERROR 1
| #define HAVE_STRRCHR 1
| #define HAVE_MEMSET 1
| #define HAVE_SETLOCALE 1
| #define HAVE_STRDUP 1
| #define HAVE_TZSET 1
| #define ENABLE_NLS 1
| #define HAVE_GETTEXT 1
| #define HAVE_DCGETTEXT 1
| #define HAVE_GL_GL_H 1
| #define HAVE_GL 1
| #define HAVE_GL_GLU_H 1
| #define HAVE_GLU 1
| #define HAVE_GL_GLC_H 1
| #define HAVE_GL_GLUT_H 1
| #define HAVE_GLUT 1
| #define HAVE_GL_GLPNG_H 1
| #define TEXT_GLC 1
| #define USE_SDL 1
| #define AUDIO_OPENAL 1
| /* end confdefs.h.  */
| #include <stdio.h>
| #ifdef HAVE_SYS_TYPES_H
| # include <sys/types.h>
| #endif
| #ifdef HAVE_SYS_STAT_H
| # include <sys/stat.h>
| #endif
| #ifdef STDC_HEADERS
| # include <stdlib.h>
| # include <stddef.h>
| #else
| # ifdef HAVE_STDLIB_H
| #  include <stdlib.h>
| # endif
| #endif
| #ifdef HAVE_STRING_H
| # if !defined STDC_HEADERS && defined HAVE_MEMORY_H
| #  include <memory.h>
| # endif
| # include <string.h>
| #endif
| #ifdef HAVE_STRINGS_H
| # include <strings.h>
| #endif
| #ifdef HAVE_INTTYPES_H
| # include <inttypes.h>
| #endif
| #ifdef HAVE_STDINT_H
| # include <stdint.h>
| #endif
| #ifdef HAVE_UNISTD_H
| # include <unistd.h>
| #endif
| #include <OpenAL/alc.h>
configure:11354: result: no
configure:11354: checking OpenAL/alc.h presence
configure:11354: gcc -E  -I/usr/include/AL -I/usr/include/AL conftest.c
conftest.c:61:24: fatal error: OpenAL/alc.h: No such file or directory
compilation terminated.
configure:11354: $? = 1
configure: failed program was:
| /* confdefs.h */
| #define PACKAGE_NAME "Chromium B.S.U."
| #define PACKAGE_TARNAME "chromium-bsu"
| #define PACKAGE_VERSION "0.9.16.1"
| #define PACKAGE_STRING "Chromium B.S.U. 0.9.16.1"
| #define PACKAGE_BUGREPORT "https://sf.net/p/chromium-bsu/bugs"
| #define PACKAGE_URL ""
| #define PACKAGE "chromium-bsu"
| #define VERSION "0.9.16.1"
| #define STDC_HEADERS 1
| #define HAVE_SYS_TYPES_H 1
| #define HAVE_SYS_STAT_H 1
| #define HAVE_STDLIB_H 1
| #define HAVE_STRING_H 1
| #define HAVE_MEMORY_H 1
| #define HAVE_STRINGS_H 1
| #define HAVE_INTTYPES_H 1
| #define HAVE_STDINT_H 1
| #define HAVE_UNISTD_H 1
| #define HAVE_FCNTL_H 1
| #define HAVE_STDLIB_H 1
| #define HAVE_STRING_H 1
| #define HAVE_UNISTD_H 1
| #define HAVE_LOCALE_H 1
| #define HAVE_LIBINTL_H 1
| #define HAVE__BOOL 1
| #define HAVE_STDBOOL_H 1
| #define HAVE_STDLIB_H 1
| #define HAVE_MALLOC 1
| #define LSTAT_FOLLOWS_SLASHED_SYMLINK 1
| #define HAVE_VPRINTF 1
| #define TIME_WITH_SYS_TIME 1
| #define HAVE_SYS_TIME_H 1
| #define HAVE_UNISTD_H 1
| #define HAVE_ALARM 1
| #define HAVE_ATEXIT 1
| #define HAVE_SETENV 1
| #define HAVE_STRCASECMP 1
| #define HAVE_STRCHR 1
| #define HAVE_STRERROR 1
| #define HAVE_STRRCHR 1
| #define HAVE_MEMSET 1
| #define HAVE_SETLOCALE 1
| #define HAVE_STRDUP 1
| #define HAVE_TZSET 1
| #define ENABLE_NLS 1
| #define HAVE_GETTEXT 1
| #define HAVE_DCGETTEXT 1
| #define HAVE_GL_GL_H 1
| #define HAVE_GL 1
| #define HAVE_GL_GLU_H 1
| #define HAVE_GLU 1
| #define HAVE_GL_GLC_H 1
| #define HAVE_GL_GLUT_H 1
| #define HAVE_GLUT 1
| #define HAVE_GL_GLPNG_H 1
| #define TEXT_GLC 1
| #define USE_SDL 1
| #define AUDIO_OPENAL 1
| /* end confdefs.h.  */
| #include <OpenAL/alc.h>
configure:11354: result: no
configure:11354: checking for OpenAL/alc.h
configure:11354: result: no
configure:11354: checking ALUT/alut.h usability
configure:11354: gcc -c -I/usr/include/libdrm -I/usr/include/libdrm -g -O2 -I/usr/include/AL -I/usr/include/AL  -I/usr/include/AL -I/usr/include/AL conftest.c >&5
conftest.c:94:23: fatal error: ALUT/alut.h: No such file or directory
compilation terminated.
configure:11354: $? = 1
configure: failed program was:
| /* confdefs.h */
| #define PACKAGE_NAME "Chromium B.S.U."
| #define PACKAGE_TARNAME "chromium-bsu"
| #define PACKAGE_VERSION "0.9.16.1"
| #define PACKAGE_STRING "Chromium B.S.U. 0.9.16.1"
| #define PACKAGE_BUGREPORT "https://sf.net/p/chromium-bsu/bugs"
| #define PACKAGE_URL ""
| #define PACKAGE "chromium-bsu"
| #define VERSION "0.9.16.1"
| #define STDC_HEADERS 1
| #define HAVE_SYS_TYPES_H 1
| #define HAVE_SYS_STAT_H 1
| #define HAVE_STDLIB_H 1
| #define HAVE_STRING_H 1
| #define HAVE_MEMORY_H 1
| #define HAVE_STRINGS_H 1
| #define HAVE_INTTYPES_H 1
| #define HAVE_STDINT_H 1
| #define HAVE_UNISTD_H 1
| #define HAVE_FCNTL_H 1
| #define HAVE_STDLIB_H 1
| #define HAVE_STRING_H 1
| #define HAVE_UNISTD_H 1
| #define HAVE_LOCALE_H 1
| #define HAVE_LIBINTL_H 1
| #define HAVE__BOOL 1
| #define HAVE_STDBOOL_H 1
| #define HAVE_STDLIB_H 1
| #define HAVE_MALLOC 1
| #define LSTAT_FOLLOWS_SLASHED_SYMLINK 1
| #define HAVE_VPRINTF 1
| #define TIME_WITH_SYS_TIME 1
| #define HAVE_SYS_TIME_H 1
| #define HAVE_UNISTD_H 1
| #define HAVE_ALARM 1
| #define HAVE_ATEXIT 1
| #define HAVE_SETENV 1
| #define HAVE_STRCASECMP 1
| #define HAVE_STRCHR 1
| #define HAVE_STRERROR 1
| #define HAVE_STRRCHR 1
| #define HAVE_MEMSET 1
| #define HAVE_SETLOCALE 1
| #define HAVE_STRDUP 1
| #define HAVE_TZSET 1
| #define ENABLE_NLS 1
| #define HAVE_GETTEXT 1
| #define HAVE_DCGETTEXT 1
| #define HAVE_GL_GL_H 1
| #define HAVE_GL 1
| #define HAVE_GL_GLU_H 1
| #define HAVE_GLU 1
| #define HAVE_GL_GLC_H 1
| #define HAVE_GL_GLUT_H 1
| #define HAVE_GLUT 1
| #define HAVE_GL_GLPNG_H 1
| #define TEXT_GLC 1
| #define USE_SDL 1
| #define AUDIO_OPENAL 1
| /* end confdefs.h.  */
| #include <stdio.h>
| #ifdef HAVE_SYS_TYPES_H
| # include <sys/types.h>
| #endif
| #ifdef HAVE_SYS_STAT_H
| # include <sys/stat.h>
| #endif
| #ifdef STDC_HEADERS
| # include <stdlib.h>
| # include <stddef.h>
| #else
| # ifdef HAVE_STDLIB_H
| #  include <stdlib.h>
| # endif
| #endif
| #ifdef HAVE_STRING_H
| # if !defined STDC_HEADERS && defined HAVE_MEMORY_H
| #  include <memory.h>
| # endif
| # include <string.h>
| #endif
| #ifdef HAVE_STRINGS_H
| # include <strings.h>
| #endif
| #ifdef HAVE_INTTYPES_H
| # include <inttypes.h>
| #endif
| #ifdef HAVE_STDINT_H
| # include <stdint.h>
| #endif
| #ifdef HAVE_UNISTD_H
| # include <unistd.h>
| #endif
| #include <ALUT/alut.h>
configure:11354: result: no
configure:11354: checking ALUT/alut.h presence
configure:11354: gcc -E  -I/usr/include/AL -I/usr/include/AL conftest.c
conftest.c:61:23: fatal error: ALUT/alut.h: No such file or directory
compilation terminated.
configure:11354: $? = 1
configure: failed program was:
| /* confdefs.h */
| #define PACKAGE_NAME "Chromium B.S.U."
| #define PACKAGE_TARNAME "chromium-bsu"
| #define PACKAGE_VERSION "0.9.16.1"
| #define PACKAGE_STRING "Chromium B.S.U. 0.9.16.1"
| #define PACKAGE_BUGREPORT "https://sf.net/p/chromium-bsu/bugs"
| #define PACKAGE_URL ""
| #define PACKAGE "chromium-bsu"
| #define VERSION "0.9.16.1"
| #define STDC_HEADERS 1
| #define HAVE_SYS_TYPES_H 1
| #define HAVE_SYS_STAT_H 1
| #define HAVE_STDLIB_H 1
| #define HAVE_STRING_H 1
| #define HAVE_MEMORY_H 1
| #define HAVE_STRINGS_H 1
| #define HAVE_INTTYPES_H 1
| #define HAVE_STDINT_H 1
| #define HAVE_UNISTD_H 1
| #define HAVE_FCNTL_H 1
| #define HAVE_STDLIB_H 1
| #define HAVE_STRING_H 1
| #define HAVE_UNISTD_H 1
| #define HAVE_LOCALE_H 1
| #define HAVE_LIBINTL_H 1
| #define HAVE__BOOL 1
| #define HAVE_STDBOOL_H 1
| #define HAVE_STDLIB_H 1
| #define HAVE_MALLOC 1
| #define LSTAT_FOLLOWS_SLASHED_SYMLINK 1
| #define HAVE_VPRINTF 1
| #define TIME_WITH_SYS_TIME 1
| #define HAVE_SYS_TIME_H 1
| #define HAVE_UNISTD_H 1
| #define HAVE_ALARM 1
| #define HAVE_ATEXIT 1
| #define HAVE_SETENV 1
| #define HAVE_STRCASECMP 1
| #define HAVE_STRCHR 1
| #define HAVE_STRERROR 1
| #define HAVE_STRRCHR 1
| #define HAVE_MEMSET 1
| #define HAVE_SETLOCALE 1
| #define HAVE_STRDUP 1
| #define HAVE_TZSET 1
| #define ENABLE_NLS 1
| #define HAVE_GETTEXT 1
| #define HAVE_DCGETTEXT 1
| #define HAVE_GL_GL_H 1
| #define HAVE_GL 1
| #define HAVE_GL_GLU_H 1
| #define HAVE_GLU 1
| #define HAVE_GL_GLC_H 1
| #define HAVE_GL_GLUT_H 1
| #define HAVE_GLUT 1
| #define HAVE_GL_GLPNG_H 1
| #define TEXT_GLC 1
| #define USE_SDL 1
| #define AUDIO_OPENAL 1
| /* end confdefs.h.  */
| #include <ALUT/alut.h>
configure:11354: result: no
configure:11354: checking for ALUT/alut.h
configure:11354: result: no
configure:11367: checking AL/al.h usability
configure:11367: gcc -c -I/usr/include/libdrm -I/usr/include/libdrm -g -O2 -I/usr/include/AL -I/usr/include/AL  -I/usr/include/AL -I/usr/include/AL conftest.c >&5
configure:11367: $? = 0
configure:11367: result: yes
configure:11367: checking AL/al.h presence
configure:11367: gcc -E  -I/usr/include/AL -I/usr/include/AL conftest.c
configure:11367: $? = 0
configure:11367: result: yes
configure:11367: checking for AL/al.h
configure:11367: result: yes
configure:11367: checking AL/alc.h usability
configure:11367: gcc -c -I/usr/include/libdrm -I/usr/include/libdrm -g -O2 -I/usr/include/AL -I/usr/include/AL  -I/usr/include/AL -I/usr/include/AL conftest.c >&5
configure:11367: $? = 0
configure:11367: result: yes
configure:11367: checking AL/alc.h presence
configure:11367: gcc -E  -I/usr/include/AL -I/usr/include/AL conftest.c
configure:11367: $? = 0
configure:11367: result: yes
configure:11367: checking for AL/alc.h
configure:11367: result: yes
configure:11367: checking AL/alut.h usability
configure:11367: gcc -c -I/usr/include/libdrm -I/usr/include/libdrm -g -O2 -I/usr/include/AL -I/usr/include/AL  -I/usr/include/AL -I/usr/include/AL conftest.c >&5
configure:11367: $? = 0
configure:11367: result: yes
configure:11367: checking AL/alut.h presence
configure:11367: gcc -E  -I/usr/include/AL -I/usr/include/AL conftest.c
configure:11367: $? = 0
configure:11367: result: yes
configure:11367: checking for AL/alut.h
configure:11367: result: yes
configure:11424: error: cannot find glpng or SDL_image (image loader)

## ---------------- ##
## Cache variables. ##
## ---------------- ##

ac_cv_build=x86_64-pc-linux-gnu
ac_cv_c_compiler_gnu=yes
ac_cv_c_const=yes
ac_cv_c_inline=inline
ac_cv_cxx_compiler_gnu=yes
ac_cv_env_CCC_set=
ac_cv_env_CCC_value=
ac_cv_env_CC_set=
ac_cv_env_CC_value=
ac_cv_env_CFLAGS_set=
ac_cv_env_CFLAGS_value=
ac_cv_env_CPPFLAGS_set=
ac_cv_env_CPPFLAGS_value=
ac_cv_env_CPP_set=
ac_cv_env_CPP_value=
ac_cv_env_CXXFLAGS_set=
ac_cv_env_CXXFLAGS_value=
ac_cv_env_CXX_set=
ac_cv_env_CXX_value=
ac_cv_env_FONTCONFIG_CFLAGS_set=
ac_cv_env_FONTCONFIG_CFLAGS_value=
ac_cv_env_FONTCONFIG_LIBS_set=
ac_cv_env_FONTCONFIG_LIBS_value=
ac_cv_env_FREEALUT_CFLAGS_set=
ac_cv_env_FREEALUT_CFLAGS_value=
ac_cv_env_FREEALUT_LIBS_set=
ac_cv_env_FREEALUT_LIBS_value=
ac_cv_env_FTGL_CFLAGS_set=
ac_cv_env_FTGL_CFLAGS_value=
ac_cv_env_FTGL_LIBS_set=
ac_cv_env_FTGL_LIBS_value=
ac_cv_env_GLUT_CFLAGS_set=
ac_cv_env_GLUT_CFLAGS_value=
ac_cv_env_GLUT_LIBS_set=
ac_cv_env_GLUT_LIBS_value=
ac_cv_env_GLU_CFLAGS_set=
ac_cv_env_GLU_CFLAGS_value=
ac_cv_env_GLU_LIBS_set=
ac_cv_env_GLU_LIBS_value=
ac_cv_env_GL_CFLAGS_set=
ac_cv_env_GL_CFLAGS_value=
ac_cv_env_GL_LIBS_set=
ac_cv_env_GL_LIBS_value=
ac_cv_env_LDFLAGS_set=
ac_cv_env_LDFLAGS_value=
ac_cv_env_LIBS_set=
ac_cv_env_LIBS_value=
ac_cv_env_OPENAL_CFLAGS_set=
ac_cv_env_OPENAL_CFLAGS_value=
ac_cv_env_OPENAL_LIBS_set=
ac_cv_env_OPENAL_LIBS_value=
ac_cv_env_PKG_CONFIG_LIBDIR_set=
ac_cv_env_PKG_CONFIG_LIBDIR_value=
ac_cv_env_PKG_CONFIG_PATH_set=
ac_cv_env_PKG_CONFIG_PATH_value=
ac_cv_env_PKG_CONFIG_set=
ac_cv_env_PKG_CONFIG_value=
ac_cv_env_SDL2IMAGE_CFLAGS_set=
ac_cv_env_SDL2IMAGE_CFLAGS_value=
ac_cv_env_SDL2IMAGE_LIBS_set=
ac_cv_env_SDL2IMAGE_LIBS_value=
ac_cv_env_SDL2MIXER_CFLAGS_set=
ac_cv_env_SDL2MIXER_CFLAGS_value=
ac_cv_env_SDL2MIXER_LIBS_set=
ac_cv_env_SDL2MIXER_LIBS_value=
ac_cv_env_SDL2_CFLAGS_set=
ac_cv_env_SDL2_CFLAGS_value=
ac_cv_env_SDL2_LIBS_set=
ac_cv_env_SDL2_LIBS_value=
ac_cv_env_SDLIMAGE_CFLAGS_set=
ac_cv_env_SDLIMAGE_CFLAGS_value=
ac_cv_env_SDLIMAGE_LIBS_set=
ac_cv_env_SDLIMAGE_LIBS_value=
ac_cv_env_SDLMIXER_CFLAGS_set=
ac_cv_env_SDLMIXER_CFLAGS_value=
ac_cv_env_SDLMIXER_LIBS_set=
ac_cv_env_SDLMIXER_LIBS_value=
ac_cv_env_SDL_CFLAGS_set=
ac_cv_env_SDL_CFLAGS_value=
ac_cv_env_SDL_LIBS_set=
ac_cv_env_SDL_LIBS_value=
ac_cv_env_build_alias_set=
ac_cv_env_build_alias_value=
ac_cv_env_host_alias_set=
ac_cv_env_host_alias_value=
ac_cv_env_target_alias_set=
ac_cv_env_target_alias_value=
ac_cv_func__doprnt=no
ac_cv_func_alarm=yes
ac_cv_func_atexit=yes
ac_cv_func_floor=no
ac_cv_func_lstat_dereferences_slashed_symlink=yes
ac_cv_func_malloc_0_nonnull=yes
ac_cv_func_memset=yes
ac_cv_func_setenv=yes
ac_cv_func_setlocale=yes
ac_cv_func_sqrt=no
ac_cv_func_stat_empty_string_bug=no
ac_cv_func_strcasecmp=yes
ac_cv_func_strchr=yes
ac_cv_func_strdup=yes
ac_cv_func_strerror=yes
ac_cv_func_strrchr=yes
ac_cv_func_tzset=yes
ac_cv_func_vprintf=yes
ac_cv_func_working_mktime=yes
ac_cv_header_ALUT_alut_h=no
ac_cv_header_AL_al_h=yes
ac_cv_header_AL_alc_h=yes
ac_cv_header_AL_alut_h=yes
ac_cv_header_GL_gl_h=yes
ac_cv_header_GL_glc_h=yes
ac_cv_header_GL_glpng_h=yes
ac_cv_header_GL_glu_h=yes
ac_cv_header_GL_glut_h=yes
ac_cv_header_OpenAL_al_h=no
ac_cv_header_OpenAL_alc_h=no
ac_cv_header_QuesoGLC_glc_h=no
ac_cv_header_fcntl_h=yes
ac_cv_header_glpng_glpng_h=no
ac_cv_header_inttypes_h=yes
ac_cv_header_libintl_h=yes
ac_cv_header_locale_h=yes
ac_cv_header_memory_h=yes
ac_cv_header_stdbool_h=yes
ac_cv_header_stdc=yes
ac_cv_header_stdint_h=yes
ac_cv_header_stdlib_h=yes
ac_cv_header_string_h=yes
ac_cv_header_strings_h=yes
ac_cv_header_sys_stat_h=yes
ac_cv_header_sys_time_h=yes
ac_cv_header_sys_types_h=yes
ac_cv_header_time=yes
ac_cv_header_unistd_h=yes
ac_cv_host=x86_64-pc-linux-gnu
ac_cv_lib_GLC_glcGenContext=yes
ac_cv_lib_glc32_glcGenContext=no
ac_cv_lib_glpng_pngBind=no
ac_cv_objext=o
ac_cv_path_EGREP='/bin/grep -E'
ac_cv_path_GMSGFMT=/usr/bin/msgfmt
ac_cv_path_GREP=/bin/grep
ac_cv_path_MSGFMT=/usr/bin/msgfmt
ac_cv_path_MSGMERGE=/usr/bin/msgmerge
ac_cv_path_XGETTEXT=/usr/bin/xgettext
ac_cv_path_ac_pt_PKG_CONFIG=/usr/bin/pkg-config
ac_cv_path_install='/usr/bin/install -c'
ac_cv_path_mkdir=/bin/mkdir
ac_cv_prog_AWK=gawk
ac_cv_prog_CPP='gcc -E'
ac_cv_prog_ac_ct_CC=gcc
ac_cv_prog_ac_ct_CXX=g++
ac_cv_prog_cc_c89=
ac_cv_prog_cc_g=yes
ac_cv_prog_cxx_g=yes
ac_cv_prog_make_make_set=yes
ac_cv_search_glutMainLoop=-lglut
ac_cv_struct_tm=time.h
ac_cv_type__Bool=yes
ac_cv_type_size_t=yes
acl_cv_hardcode_direct=no
acl_cv_hardcode_libdir_flag_spec='${wl}-rpath ${wl}$libdir'
acl_cv_hardcode_libdir_separator=
acl_cv_hardcode_minus_L=no
acl_cv_libext=a
acl_cv_libname_spec='lib$name'
acl_cv_library_names_spec='$libname$shrext'
acl_cv_path_LD=/usr/bin/ld
acl_cv_prog_gnu_ld=yes
acl_cv_rpath=done
acl_cv_shlibext=so
acl_cv_wl=-Wl,
am_cv_CC_dependencies_compiler_type=gcc3
am_cv_CXX_dependencies_compiler_type=gcc3
am_cv_make_support_nested_variables=yes
am_cv_prog_cc_c_o=yes
ax_cv_check_gl_compile_opengl=yes
ax_cv_check_gl_link_opengl=yes
ax_cv_check_glu_compile=yes
ax_cv_check_glu_link=yes
ax_cv_check_glut_compile=yes
ax_cv_check_glut_link=yes
ax_cv_varargs_glu_tesscb=no
gt_cv_func_CFLocaleCopyCurrent=no
gt_cv_func_CFPreferencesCopyAppValue=no
gt_cv_func_gnugettext1_libc=yes
pkg_cv_FONTCONFIG_CFLAGS=-I/usr/include/freetype2
pkg_cv_FONTCONFIG_LIBS='-lfontconfig -lfreetype'
pkg_cv_FREEALUT_CFLAGS=-I/usr/include/AL
pkg_cv_FREEALUT_LIBS='-lalut -lopenal'
pkg_cv_FTGL_CFLAGS='-I/usr/include/FTGL -I/usr/include/freetype2'
pkg_cv_FTGL_LIBS=-lftgl
pkg_cv_GLU_CFLAGS=-I/usr/include/libdrm
pkg_cv_GLU_LIBS='-lGLU -lGL'
pkg_cv_GL_CFLAGS=-I/usr/include/libdrm
pkg_cv_GL_LIBS=-lGL
pkg_cv_OPENAL_CFLAGS=-I/usr/include/AL
pkg_cv_OPENAL_LIBS=-lopenal
pkg_cv_SDL2_CFLAGS='-D_REENTRANT -I/usr/include/SDL2'
pkg_cv_SDL2_LIBS=-lSDL2
pkg_cv_SDLIMAGE_CFLAGS='-D_GNU_SOURCE=1 -D_REENTRANT -I/usr/include/SDL'
pkg_cv_SDLIMAGE_LIBS='-lSDL_image -lSDL'
pkg_cv_SDL_CFLAGS='-D_GNU_SOURCE=1 -D_REENTRANT -I/usr/include/SDL'
pkg_cv_SDL_LIBS=-lSDL

## ----------------- ##
## Output variables. ##
## ----------------- ##

ACLOCAL='${SHELL} /home/rafal/Pulpit/WorkingRepos/GIT_HUB/QtChromiumBSU/chromium-bsu-0.9.16.1/missing aclocal-1.15'
AMDEPBACKSLASH='\'
AMDEP_FALSE='#'
AMDEP_TRUE=''
AMTAR='$${TAR-tar}'
AM_BACKSLASH='\'
AM_DEFAULT_V='$(AM_DEFAULT_VERBOSITY)'
AM_DEFAULT_VERBOSITY='1'
AM_V='$(V)'
AUDIO_CFLAGS='-I/usr/include/AL -I/usr/include/AL'
AUDIO_LIBS='-lopenal -lalut -lopenal'
AUTOCONF='${SHELL} /home/rafal/Pulpit/WorkingRepos/GIT_HUB/QtChromiumBSU/chromium-bsu-0.9.16.1/missing autoconf'
AUTOHEADER='${SHELL} /home/rafal/Pulpit/WorkingRepos/GIT_HUB/QtChromiumBSU/chromium-bsu-0.9.16.1/missing autoheader'
AUTOMAKE='${SHELL} /home/rafal/Pulpit/WorkingRepos/GIT_HUB/QtChromiumBSU/chromium-bsu-0.9.16.1/missing automake-1.15'
AWK='gawk'
CC='gcc'
CCDEPMODE='depmode=gcc3'
CFLAGS='-I/usr/include/libdrm -I/usr/include/libdrm -g -O2'
CPP='gcc -E'
CPPFLAGS=''
CXX='g++'
CXXDEPMODE='depmode=gcc3'
CXXFLAGS='-g -O2'
CYGPATH_W='echo'
DEFS=''
DEPDIR='.deps'
ECHO_C=''
ECHO_N='-n'
ECHO_T=''
EGREP='/bin/grep -E'
EXEEXT=''
FONTCONFIG_CFLAGS='-I/usr/include/freetype2'
FONTCONFIG_LIBS='-lfontconfig -lfreetype'
FREEALUT_CFLAGS='-I/usr/include/AL'
FREEALUT_LIBS='-lalut -lopenal'
FTGL_CFLAGS='-I/usr/include/FTGL -I/usr/include/freetype2'
FTGL_LIBS='-lftgl'
GETTEXT_MACRO_VERSION='0.18'
GLUT_CFLAGS=''
GLUT_LIBS='-lglut'
GLU_CFLAGS='-I/usr/include/libdrm'
GLU_LIBS='-lGLU -lGL'
GL_CFLAGS='-I/usr/include/libdrm'
GL_LIBS='-lGL'
GMSGFMT='/usr/bin/msgfmt'
GMSGFMT_015='/usr/bin/msgfmt'
GREP='/bin/grep'
IMAGE_CFLAGS=''
IMAGE_LIBS=''
INSTALL_DATA='${INSTALL} -m 644'
INSTALL_PROGRAM='${INSTALL}'
INSTALL_SCRIPT='${INSTALL}'
INSTALL_STRIP_PROGRAM='$(install_sh) -c -s'
INTLLIBS=''
INTL_MACOSX_LIBS=''
LDFLAGS=''
LIBICONV='-liconv'
LIBINTL=''
LIBOBJS=''
LIBS='-lGLU -lGL -lGL '
LTLIBICONV='-liconv'
LTLIBINTL=''
LTLIBOBJS=''
MAKEINFO='${SHELL} /home/rafal/Pulpit/WorkingRepos/GIT_HUB/QtChromiumBSU/chromium-bsu-0.9.16.1/missing makeinfo'
MKDIR_P='/bin/mkdir -p'
MSGFMT='/usr/bin/msgfmt'
MSGFMT_015='/usr/bin/msgfmt'
MSGMERGE='/usr/bin/msgmerge'
OBJEXT='o'
OPENAL_CFLAGS='-I/usr/include/AL'
OPENAL_LIBS='-lopenal'
PACKAGE='chromium-bsu'
PACKAGE_BUGREPORT='https://sf.net/p/chromium-bsu/bugs'
PACKAGE_NAME='Chromium B.S.U.'
PACKAGE_STRING='Chromium B.S.U. 0.9.16.1'
PACKAGE_TARNAME='chromium-bsu'
PACKAGE_URL=''
PACKAGE_VERSION='0.9.16.1'
PATH_SEPARATOR=':'
PKG_CONFIG='/usr/bin/pkg-config'
PKG_CONFIG_LIBDIR=''
PKG_CONFIG_PATH=''
POSUB='po'
SDL2IMAGE_CFLAGS=''
SDL2IMAGE_LIBS=''
SDL2MIXER_CFLAGS=''
SDL2MIXER_LIBS=''
SDL2_CFLAGS='-D_REENTRANT -I/usr/include/SDL2'
SDL2_LIBS='-lSDL2'
SDLIMAGE_CFLAGS='-D_GNU_SOURCE=1 -D_REENTRANT -I/usr/include/SDL'
SDLIMAGE_LIBS='-lSDL_image -lSDL'
SDLMIXER_CFLAGS=''
SDLMIXER_LIBS=''
SDL_CFLAGS='-D_GNU_SOURCE=1 -D_REENTRANT -I/usr/include/SDL'
SDL_LIBS='-lSDL'
SET_MAKE=''
SHELL='/bin/bash'
STRIP=''
TEXT_CFLAGS=''
TEXT_LIBS='-lGLC'
USE_NLS='yes'
VERSION='0.9.16.1'
WINDOW_CFLAGS='-D_REENTRANT -I/usr/include/SDL2'
WINDOW_LIBS='-lSDL2'
XGETTEXT='/usr/bin/xgettext'
XGETTEXT_015='/usr/bin/xgettext'
XGETTEXT_EXTRA_OPTIONS=''
ac_ct_CC='gcc'
ac_ct_CXX='g++'
am__EXEEXT_FALSE=''
am__EXEEXT_TRUE=''
am__fastdepCC_FALSE='#'
am__fastdepCC_TRUE=''
am__fastdepCXX_FALSE='#'
am__fastdepCXX_TRUE=''
am__include='include'
am__isrc=''
am__leading_dot='.'
am__nodep='_no'
am__quote=''
am__tar='$${TAR-tar} chof - "$$tardir"'
am__untar='$${TAR-tar} xf -'
bindir='${exec_prefix}/bin'
build='x86_64-pc-linux-gnu'
build_alias=''
build_cpu='x86_64'
build_os='linux-gnu'
build_vendor='pc'
datadir='${datarootdir}'
datarootdir='${prefix}/share'
docdir='${datarootdir}/doc/${PACKAGE_TARNAME}'
dvidir='${docdir}'
exec_prefix='NONE'
host='x86_64-pc-linux-gnu'
host_alias=''
host_cpu='x86_64'
host_os='linux-gnu'
host_vendor='pc'
htmldir='${docdir}'
includedir='${prefix}/include'
infodir='${datarootdir}/info'
install_sh='${SHELL} /home/rafal/Pulpit/WorkingRepos/GIT_HUB/QtChromiumBSU/chromium-bsu-0.9.16.1/install-sh'
libdir='${exec_prefix}/lib'
libexecdir='${exec_prefix}/libexec'
localedir='${datarootdir}/locale'
localstatedir='${prefix}/var'
mandir='${datarootdir}/man'
mkdir_p='/bin/mkdir -p'
oldincludedir='/usr/include'
pdfdir='${docdir}'
prefix='NONE'
program_transform_name='s,x,x,'
psdir='${docdir}'
runstatedir='${localstatedir}/run'
sbindir='${exec_prefix}/sbin'
sharedstatedir='${prefix}/com'
sysconfdir='${prefix}/etc'
target_alias=''

## ----------- ##
## confdefs.h. ##
## ----------- ##

/* confdefs.h */
#define PACKAGE_NAME "Chromium B.S.U."
#define PACKAGE_TARNAME "chromium-bsu"
#define PACKAGE_VERSION "0.9.16.1"
#define PACKAGE_STRING "Chromium B.S.U. 0.9.16.1"
#define PACKAGE_BUGREPORT "https://sf.net/p/chromium-bsu/bugs"
#define PACKAGE_URL ""
#define PACKAGE "chromium-bsu"
#define VERSION "0.9.16.1"
#define STDC_HEADERS 1
#define HAVE_SYS_TYPES_H 1
#define HAVE_SYS_STAT_H 1
#define HAVE_STDLIB_H 1
#define HAVE_STRING_H 1
#define HAVE_MEMORY_H 1
#define HAVE_STRINGS_H 1
#define HAVE_INTTYPES_H 1
#define HAVE_STDINT_H 1
#define HAVE_UNISTD_H 1
#define HAVE_FCNTL_H 1
#define HAVE_STDLIB_H 1
#define HAVE_STRING_H 1
#define HAVE_UNISTD_H 1
#define HAVE_LOCALE_H 1
#define HAVE_LIBINTL_H 1
#define HAVE__BOOL 1
#define HAVE_STDBOOL_H 1
#define HAVE_STDLIB_H 1
#define HAVE_MALLOC 1
#define LSTAT_FOLLOWS_SLASHED_SYMLINK 1
#define HAVE_VPRINTF 1
#define TIME_WITH_SYS_TIME 1
#define HAVE_SYS_TIME_H 1
#define HAVE_UNISTD_H 1
#define HAVE_ALARM 1
#define HAVE_ATEXIT 1
#define HAVE_SETENV 1
#define HAVE_STRCASECMP 1
#define HAVE_STRCHR 1
#define HAVE_STRERROR 1
#define HAVE_STRRCHR 1
#define HAVE_MEMSET 1
#define HAVE_SETLOCALE 1
#define HAVE_STRDUP 1
#define HAVE_TZSET 1
#define ENABLE_NLS 1
#define HAVE_GETTEXT 1
#define HAVE_DCGETTEXT 1
#define HAVE_GL_GL_H 1
#define HAVE_GL 1
#define HAVE_GL_GLU_H 1
#define HAVE_GLU 1
#define HAVE_GL_GLC_H 1
#define HAVE_GL_GLUT_H 1
#define HAVE_GLUT 1
#define HAVE_GL_GLPNG_H 1
#define TEXT_GLC 1
#define USE_SDL 1
#define AUDIO_OPENAL 1
#define HAVE_AL_AL_H 1
#define HAVE_AL_ALC_H 1
#define HAVE_AL_ALUT_H 1

configure: exit 1
